0 2 213 293
1 3 259 78 169
2 2 156 287
3 3 75 114 179
4 3 180 291 153
5 2 282 142
6 3 296 268 264
7 2 285 141
8 3 0 117 262
9 3 95 27 59
10 3 212 100 36
11 2 127 258
12 3 216 98 149
13 2 96 242
14 3 13 158 104
15 5 161 286 45 252 65
16 3 85 201 135
17 4 290 157 55 211
18 2 63 20
19 2 54 265
20 3 80 5 143
21 3 260 190 52
22 2 249 16
23 4 224 14 255 178
24 3 15 76 1
25 2 245 12
26 3 226 31 234
27 2 203 10
28 4 21 61 250 123
29 2 116 223
30 4 294 170 192 257
31 3 148 253 297
32 2 276 181
33 3 103 22 97
34 3 107 236 186
35 4 273 254 182 247
36 3 39 163 155
37 2 162 205
38 2 19 48
39 3 281 128 219
40 3 74 283 288
41 3 92 177 67
42 3 62 3 112
43 3 125 269 278
44 3 174 89 33
45 3 150 248 251
46 2 133 11
47 3 105 202 289
48 3 159 70 9
49 3 113 241 43
50 3 218 111 189
51 3 277 207 126
52 3 32 119 66
53 4 60 122 139 279
54 3 144 147 272
55 3 136 172 131
56 4 198 209 238 208
57 3 227 185 165
58 3 79 101 173
59 3 18 90 206
60 3 91 68 256
61 3 87 140 120
62 4 164 26 266 49
63 4 171 64 35 69
64 4 58 244 228 175
65 3 200 195 229
66 3 137 235 47
67 2 188 83
68 2 167 271
69 2 57 138
70 3 108 40 145
71 3 72 82 292
72 3 232 118 215
73 3 88 124 94
74 3 210 121 71
75 4 41 93 196 53
76 3 261 73 84
77 3 129 239 280
78 3 44 28 176
79 3 184 160 37
80 3 220 23 77
81 3 110 191 152
82 3 275 25 222
83 4 8 6 30 270
84 4 168 217 299 2
85 3 4 295 194
86 5 7 214 199 24 221
87 2 225 42
88 3 134 50 17
89 4 246 86 115 46
90 3 230 102 233
91 3 187 197 183
92 3 38 298 274
93 4 193 29 81 130
94 3 34 243 151
95 3 56 146 106
96 3 267 237 240
97 3 263 204 231
98 3 99 284 154
99 4 166 109 51 132
