0 29 6975 3482 1590 2506 7957 6766 5912 1888 7202 1269 8617 4591 5063 376 1830 494 6962 5131 483 5754 4283 8188 6293 8935 1446 5372 7399 1778 2388
1 28 2182 2330 7552 3291 4530 9394 6854 8528 4363 3925 7531 2577 4420 9359 6048 222 8480 1246 7041 8059 5824 6981 2405 8736 9320 2306 3334 9832
2 30 6190 9248 7979 9224 4715 5724 6464 6167 7592 1132 4679 7122 7525 5332 628 3063 6438 52 8367 4837 2827 7814 6109 1481 2454 2976 9099 4890 3530 7577
3 29 8346 8590 479 5598 4084 3267 2450 437 6708 9545 2116 1126 7001 1498 48 1783 2889 6724 7023 7398 5414 9210 5981 2434 7683 3959 5489 2634 9741
4 25 4182 8654 6935 9804 1053 4181 2637 1194 1427 8089 334 7072 3034 2326 3409 9587 9530 1901 8729 5140 2732 3459 5950 8774 7533
5 28 207 436 1014 422 4227 8970 4358 6436 6277 6820 7766 5834 4511 3646 9196 2658 5493 2319 3245 3999 3497 7567 6040 3214 5907 9003 2781 6246
6 28 5262 5846 6890 69 653 4887 4313 3489 3711 6097 2522 9332 2539 1962 5093 9877 8843 6476 772 7826 5165 3413 9789 374 8810 4841 5513 1397
7 28 2417 5528 477 9129 4408 9803 9172 9231 5023 715 6927 7596 1056 7114 2060 7564 6079 1941 8839 9965 3624 9433 1874 3940 8060 6960 9860 7456
8 27 7324 5041 276 3268 2353 1740 2782 7489 4190 5121 2924 8813 7860 5072 9564 7829 2690 1058 6458 622 8690 1957 1981 3796 3758 2668 306
9 28 1788 9662 8286 9385 9384 8714 8500 2313 194 4638 7334 1244 6508 922 9024 2206 6306 8158 6487 5750 6285 5722 9610 2778 8559 2616 2895 7936
10 29 1577 9992 2916 3518 6681 4567 8679 3770 1980 9087 2610 5974 2404 522 1866 9513 6689 7003 9758 3475 2787 6805 9569 5665 7457 7192 9774 6810 7320
11 31 701 2086 3630 8745 7323 1631 35 2531 5315 9658 576 6263 1349 560 8144 709 5993 7276 7013 4693 4103 5799 3550 3189 1019 942 4798 9698 3349 2810 3160
12 31 6603 9166 4717 3177 4286 5058 9182 6553 7664 8369 39 6510 4218 3889 6448 1457 8200 4525 1033 3822 7070 4225 7266 4810 2865 4741 6201 6495 9505 8631 7264
13 27 4974 7569 6231 8237 7974 5619 7872 8812 5425 5429 452 4212 8775 5220 9290 1832 4555 4812 6054 7098 151 11 6317 4020 9422 7004 7063
14 26 7883 3937 5815 3844 4716 8933 6419 6473 8123 3262 5292 5451 6026 5565 8401 4509 8171 2022 3357 6642 8075 5342 5196 1801 1954 1635
15 29 5832 3169 3339 7707 1016 4942 8620 4048 7405 5434 7190 4857 1329 6368 7740 231 1439 2110 1910 3788 2880 6852 9101 3111 8979 4872 9968 1738 3504
16 27 8709 2351 502 6516 9489 3033 9406 1064 8904 5142 8652 2808 2355 8007 9595 8370 1789 2988 1844 6122 3230 542 10 1714 1629 7362 3818
17 27 8267 1271 6623 6748 2201 2677 1198 6874 409 5407 4062 8562 2878 7682 7853 5730 381 9162 179 1065 8923 4426 485 192 937 9388 9643
18 28 4764 5595 3333 7295 3757 8368 6703 2334 1882 1602 2068 8859 8231 7696 6100 9050 7365 1640 5636 8473 5961 6926 6289 7154 9710 2848 5635 2630
19 28 3155 90 7448 3560 7528 7180 6304 7800 2266 5748 8211 8122 7355 1948 382 9681 7159 9295 1213 6685 7535 9331 312 7647 2942 8928 6217 411
20 27 8044 4057 2459 7416 7383 3731 5228 1012 4370 8917 4375 2790 1879 5504 1392 1496 2445 5631 3566 9926 5872 1685 9576 9863 5161 6974 2854
21 28 1813 3496 6729 854 5632 3036 795 5499 250 4117 7105 1694 636 5761 2970 3370 7932 3790 5616 1755 142 9602 9903 7332 41 2400 8768 4789
22 27 7995 4170 9592 5151 158 8381 3439 926 204 8877 9089 6145 1796 1761 7431 1114 6518 9981 8984 8048 6080 6659 8994 6052 5845 2879 711
23 27 1764 4796 9075 4458 6459 2236 4137 5862 4520 2474 5024 6915 4551 2324 6698 2216 7428 1582 2515 8091 1989 2694 566 166 2807 4097 6405
24 27 1566 4980 2795 2305 8053 4983 8050 8478 739 1849 9575 7941 8345 3132 5270 6223 5884 1656 1084 6259 8408 1318 5764 9778 5698 3913 7260
25 31 3216 3361 3260 3099 6313 397 3297 5302 4413 5133 360 301 1618 1044 683 2683 5727 6384 4836 3276 4853 8825 3933 8287 8902 2197 8241 891 7089 9100 6865
26 28 3384 1348 9251 3992 6481 2058 4298 2435 7597 6914 7282 9833 7104 5716 234 4614 9717 7141 3372 5858 3223 8451 5657 1279 4380 6496 2386 8395
27 27 2711 3179 2793 6416 9175 8162 6292 9955 4672 4325 1039 6138 9092 9250 9 9252 4838 1781 5150 8997 6132 1381 7600 4531 3173 7194 2480
28 28 8786 9791 7120 3331 5654 8093 6752 106 3785 9056 3825 911 7150 32 3920 7499 9419 355 7959 5866 1274 7902 8811 9582 3985 7934 362 333
29 30 5500 8364 4751 6925 9520 73 9504 630 3745 6584 9889 8215 7007 2743 1667 6895 2888 6850 9567 8973 864 6131 3053 6799 3729 1800 497 8353 3021 3399
30 30 395 275 910 5127 2051 6767 2710 3854 2142 5100 9839 9855 954 2615 9326 5978 1225 4162 8537 7710 9000 1157 3750 8427 4326 8520 843 5970 9995 4331
31 30 5798 2607 4088 5185 2930 5671 9989 8581 4831 6690 9970 4153 8455 710 2759 7656 6119 1848 2133 2272 5923 3093 4563 9623 2294 856 3906 8585 7841 9510
32 29 6669 3765 8592 3903 8083 5680 8954 7891 9240 1519 1207 70 2656 6192 9923 8780 112 6965 7127 549 5745 8359 7987 3706 5985 439 2487 5365 496
33 28 3873 7946 128 2940 2614 4834 5610 996 2207 6872 3431 8769 6951 603 2424 8578 5081 7217 7350 9516 9541 9305 4267 2065 4412 7843 1484 2406
34 31 9328 5245 4318 1554 4175 970 9380 22 5700 2909 4101 4379 1091 6291 2837 8713 2043 9046 5617 6469 5630 1090 4308 3022 5039 7644 7810 287 4235 1990 3227
35 28 7609 2241 6168 5308 8108 3019 6409 3018 1096 2062 9007 6878 4371 7033 6644 5539 1231 9875 3600 9275 708 8838 6499 253 2544 8187 6133 5260
36 29 5014 766 5476 7699 4636 3443 1368 8036 9660 9093 8224 9689 529 6721 4598 8124 4756 6009 2492 7093 3916 4102 284 8965 4360 6783 3931 1327 2661
37 27 9371 9336 2524 1278 3898 3755 6267 6218 5523 6800 6460 8371 580 7681 3814 180 4911 5444 853 1343 1982 9348 4222 7463 3607 1350 2681
38 26 3877 9037 5461 5400 6822 675 1433 5369 3320 4223 8824 7312 4368 6462 9297 2910 608 6468 7657 9503 9978 6577 9113 3840 4707 8636
39 29 4071 405 3575 9606 7232 3122 164 6470 4229 5119 886 3955 5497 5122 6362 8497 7975 1565 2898 2277 9744 1501 6489 8940 9713 2571 5054 3529 4678
40 26 8078 1062 2715 434 220 484 5301 323 83 1742 9278 6996 3152 7778 7591 6058 9230 3966 8382 5785 2883 2731 2385 7839 2561 2254
41 27 9601 9157 8492 7060 4386 2101 7201 9898 5278 3144 2867 5768 189 8915 6147 4139 2695 6649 9266 4886 6126 7512 1538 6415 5736 7315 4131
42 28 660 8730 9695 4067 9408 7728 1854 5163 8541 6276 1233 1723 7432 6719 337 5956 3639 5013 3594 2112 401 3861 4270 4459 9045 1079 3957 2528
43 28 3123 9257 3383 8049 5020 8281 8328 8423 9153 1431 9793 9655 7321 2549 2256 7733 444 2344 4770 2361 1018 5575 4884 9001 65 6266 7697 1627
44 27 4616 1896 5740 5516 5360 7464 3651 5975 6531 3986 5818 7990 9118 5346 4378 3869 3046 463 28 6825 699 2926 2819 9987 2467 8096 1111
45 32 820 3704 6200 8781 9019 4622 1760 851 4395 2064 9274 2799 1309 9116 4423 6228 7385 7912 1732 2639 5267 2628 3691 4362 7360 2962 749 8895 1323 9188 7911 3660
46 28 9435 280 3656 7724 7279 8765 4948 1302 3215 9254 6210 2397 3284 4081 7298 9355 8276 9426 2754 6087 5929 1859 4485 3948 5527 9030 4793 7568
47 29 5254 5130 7638 8829 9150 4639 2918 3513 8518 2989 6069 648 6456 7846 3382 5786 6991 6466 4187 97 5762 8852 6782 5173 7770 4600 5618 2957 2994
48 30 7937 9727 9743 9930 4151 721 9242 1592 5390 1671 9529 8347 4825 680 2540 8599 7231 8016 6314 827 9496 2340 9686 6534 6929 4346 7966 6371 1367 2451
49 31 9858 3247 8870 7331 6504 6746 1414 9439 3604 1767 3784 51 2725 3434 9906 8963 8762 1488 5287 1931 4023 1116 3597 9205 8192 8203 2862 2572 2516 8062 2783
50 30 3766 3929 6151 7864 7084 9907 7087 6616 380 3254 2097 1825 7056 1744 9996 7200 4740 1950 5186 2997 104 2196 2529 6909 7119 7396 1115 624 341 2494
51 28 5354 3533 6046 1809 4400 2775 6779 4377 7931 6856 9593 3121 9414 2893 9453 3287 5880 5003 9726 535 7255 9206 9945 809 892 6798 6240 7641
52 26 8039 7297 9200 2479 1612 9485 9437 2843 7610 9247 2080 7077 1517 5827 2564 5060 8608 5164 1234 1041 2875 5341 714 6506 9650 2659
53 29 7576 4754 8120 404 1985 2468 2242 9808 2892 7037 1168 1988 4952 2852 6457 2151 7514 285 9801 3017 1475 5358 5776 1337 7125 8077 451 5851 1177
54 26 3815 4474 2169 8751 7679 7412 4566 5439 4334 2647 8591 4578 1453 1383 1495 7879 6682 6934 757 351 8343 7280 3168 7371 7178 9138
55 25 3968 7918 8513 4217 5005 1042 3871 902 5343 1749 1166 3241 1103 981 2697 1338 6589 1902 3699 5017 2844 5586 4897 8114 722
56 28 5777 4390 417 9785 9752 6125 2609 2950 4044 3908 1493 3819 3220 2869 4750 4610 5340 9944 6372 364 1782 2392 5996 1393 1615 5374 2620 2623
57 29 7148 5557 4807 9891 7742 6876 1487 134 36 7765 3402 6454 6809 7258 2617 5577 9047 834 1743 9432 727 2102 5217 932 5819 4682 3101 845 5255
58 31 570 7855 1437 5213 9039 9076 5144 2569 7467 1777 7671 1104 8159 116 799 8436 8475 1713 4522 3596 100 774 1357 423 1527 4927 4517 7223 2809 4539 7326
59 28 3709 1425 1779 779 2137 7668 308 243 8325 9090 3982 5306 1853 2193 5627 2070 2460 3077 8069 6290 5225 5402 7152 7856 6626 5007 4821 7414
60 28 4611 7606 8903 1675 2323 5683 117 4588 2183 4201 140 3685 7588 1094 8990 7898 3004 9465 5977 2676 6108 8243 640 4271 427 1464 7965 537
61 27 1753 4766 2649 6474 6410 785 6816 6128 2853 1620 9270 9548 8861 7242 1838 3677 407 5989 9144 260 4932 5180 8542 1119 575 7319 6596
62 29 9488 7613 4808 2599 6283 3851 3225 7598 3156 8593 3484 7873 5913 3584 7973 4167 6530 8336 3880 6691 7571 6144 4012 218 9912 390 119 3048 9307
63 28 9189 3775 7636 7650 1588 1412 5170 4341 5297 2891 3488 4180 4918 3723 3400 4893 5272 875 7366 9114 9722 1497 9301 121 806 4197 4516 2507
64 32 5046 626 1818 9967 1236 3335 9583 252 2689 4691 7409 4774 300 5689 6187 5152 4669 1047 2945 5357 6505 4876 9313 1153 3483 8302 7711 7746 4532 8270 9838 4347
65 31 4753 5801 5653 5129 3735 9484 5224 7878 3100 8728 1837 7195 9218 3543 406 8140 7184 3418 716 8495 3776 6555 3749 3977 7520 8533 1975 4224 9094 6969 5208
66 31 6507 1130 2069 6258 3295 309 4096 4597 6286 6550 431 392 4130 3553 5428 782 5800 7615 7803 4648 9611 776 7198 3561 7252 3752 7991 9927 9018 5836 694
67 28 526 8961 256 1100 1049 338 5901 319 5223 425 1871 7743 6287 8939 2082 1451 1535 2708 1346 7143 6043 139 4651 9661 6011 3197 5361 1666
68 28 7782 2198 4701 8851 8625 1756 2555 4082 5478 3182 7163 5802 7455 9482 7247 4723 5268 5040 7410 5778 2081 2377 2553 3098 2627 2911 3202 6806
69 27 5465 8948 9227 4006 1210 813 9356 4621 1810 1219 2078 3548 9287 9185 947 9119 8196 4133 7599 5363 6254 7666 9924 6447 9580 2952 7134
70 28 4935 6879 4896 5148 7286 7691 1411 9327 9919 4401 9964 4428 9501 4943 9197 5958 5001 3325 4653 6896 1775 2579 1108 8779 7413 5285 6235 1185
71 26 2139 6600 5881 1197 1969 2770 4134 9994 1883 3791 3563 9370 3502 585 4934 8310 6827 9028 3523 9036 8818 1347 6308 1071 2431 6625
72 28 138 846 4944 9128 6351 7667 5052 2331 9289 7835 8214 7928 3721 8446 3446 4317 8129 8702 307 8524 9684 5715 7998 6833 2345 9731 2968 4605
73 29 9543 3860 1196 336 7161 8615 5307 6112 6186 1555 9363 8245 527 6386 9455 7199 1606 2663 2045 9566 2002 2089 1017 9277 5725 7951 2031 212 9346
74 26 8404 3505 5938 3278 7603 8418 7526 9324 7670 9812 4440 5830 3246 5426 9810 7994 7079 5572 5871 6840 3224 8522 4479 5621 126 4275
75 29 3590 8386 1037 9966 5574 6657 2762 8263 9870 5403 5329 8956 3377 8597 5790 6963 9647 8107 4719 5087 329 7137 6636 3478 4042 5231 7470 7422 2518
76 25 2265 2874 3044 421 6262 7870 4524 3802 8013 5963 3795 5909 4312 5394 6050 7943 5335 8785 6467 2079 4008 6159 6524 4866 3116
77 29 2717 7047 7984 6928 1175 1907 4183 3858 7046 2931 8878 9651 3730 9800 9666 3213 4164 7040 1043 4928 5626 6066 4681 2626 1939 47 4135 3080 5517
78 27 152 5944 4503 1520 229 7842 5850 2322 9854 7291 2760 9993 5137 9280 7953 3657 1567 7218 6443 935 4744 7594 1447 6251 6358 2915 3444
79 30 9988 5336 2813 4 8074 7485 2258 5218 6562 5496 4559 9917 2946 2390 6345 998 1456 4946 2700 3973 2958 5172 2619 8985 37 3157 3406 9071 6663 1154
80 28 7674 3104 523 2000 3855 6922 4627 771 4938 5490 995 1460 4658 6646 5132 1504 2315 6494 7447 5078 9663 7263 5190 8955 9476 7246 5877 4594
81 30 8595 7337 1704 8464 3707 9391 2748 4315 1326 5384 2373 6434 2998 4294 2666 254 1511 4054 1224 4860 2696 5264 7619 6248 344 8068 9398 2850 2678 6575
82 29 6197 2765 5886 1410 7579 7980 6299 3803 2846 6364 4293 1320 412 7919 7238 7888 5741 8186 5605 6984 867 9399 8772 6339 2093 127 2902 5320 6091
83 30 7849 2847 1113 5566 1239 6452 3917 499 7483 1307 2509 1163 2859 4603 4851 3463 5982 6768 2029 4016 8705 3736 9715 2655 6335 6717 9064 9829 3857 8696
84 28 4077 1846 9131 2145 6869 7158 7513 2310 6559 597 8318 4565 5905 6701 153 2187 2727 1578 4405 4206 7827 7658 9022 4061 77 4762 9645 900
85 30 5057 3171 6959 487 2767 9096 7149 3151 8911 8322 6847 5904 3055 9466 3974 5330 6156 4814 9998 3089 1561 7736 9318 6751 4407 9679 9869 2493 6546 6588
86 27 1386 5241 7329 3410 375 4495 3541 1174 5168 4483 6225 933 4266 5438 6375 1122 9209 5464 5655 348 3935 4859 7754 9557 8218 2291 5418
87 30 1660 9740 9591 8566 9454 171 4514 6643 6979 5704 9035 1915 4930 2967 7493 5646 9040 3419 8198 7160 4709 2240 296 8088 8823 6356 2749 637 9015 7162
88 26 6430 4671 5334 2 2395 8594 8365 4083 7401 7328 3454 4992 1892 5299 4149 2975 7479 5620 4772 3578 8742 3800 6377 6947 1793 4901
89 29 7735 9445 1956 7648 7890 8193 3346 6057 9186 4527 7071 1206 3839 9160 4779 264 5590 226 5986 4991 4725 725 8739 1877 7858 1263 4058 2587 9700
90 29 577 698 7309 8919 4777 1133 6437 5878 7268 5584 4515 133 7146 2251 6170 1763 1366 8379 279 5788 7293 4000 7857 442 8100 8771 6587 3006 5453
91 25 78 2202 9492 7230 919 1300 9184 6389 6750 4888 6672 7059 5198 6945 7167 7779 4321 2118 7095 317 8622 2214 2703 2143 2565
92 29 5370 5532 3643 1059 5860 6622 4350 2794 5969 7703 8067 9029 3020 6601 8149 1054 4700 803 8082 2592 6023 7819 9691 1974 5660 1404 556 6561 8670
93 31 3922 8152 3501 3694 2430 289 6731 1009 383 3683 1256 8808 6354 4430 2657 278 938 8867 3376 755 9641 8380 1663 7905 8323 9069 486 378 7474 5562 1199
94 28 1048 6319 8143 350 6445 7721 3528 2021 5769 110 7352 4316 7237 9279 5230 8908 8837 3261 976 6803 5544 3591 2109 4369 5870 1184 9697 4977
95 27 7662 9440 271 6117 9559 4355 9477 4734 9531 7419 5304 9677 71 6484 700 7626 7570 9316 4301 9102 3307 349 737 8516 3072 9918 2103
96 27 3256 6062 8297 2304 4249 784 8012 7393 4724 4095 6651 4215 3061 3753 775 583 7684 5061 7797 4536 6420 1669 1237 3779 3421 5021 9770
97 29 8995 4581 330 5895 1659 3049 3040 4874 3648 8511 4818 3314 7620 7859 5546 5187 1351 6695 3732 7226 3658 9259 2884 1815 573 7726 6442 7294 5690
98 28 3060 7235 8134 8875 817 4391 740 2774 5822 8689 4945 8721 249 1873 95 6323 1654 3056 2723 9521 1478 4463 1869 1576 8409 1027 2016 6614
99 29 3387 8128 4757 9984 6237 9549 8798 743 4997 7473 8889 2124 1097 4161 2237 1876 2568 1780 524 342 7420 723 7977 3727 6203 2041 3901 6173 9581
100 26 4052 9913 144 2573 1758 408 402 4452 1193 790 1402 3778 3941 7757 6726 2447 8563 3052 1432 7250 4336 3369 4981 3218 5915 1911
101 27 4189 9820 3302 130 4560 2218 8320 1222 3192 4306 2802 6954 8722 4813 8348 3470 830 1710 9920 3792 8557 3165 7486 4411 9535 950 6537
102 30 3233 7179 544 4824 1220 2992 4486 0 5084 925 8258 642 8337 4601 3269 3514 8031 3927 5242 6712 8459 4863 6641 3358 3577 8555 2514 1255 8216 6787
103 29 8980 182 6864 4219 906 5102 6710 456 6747 793 1516 7466 4028 5852 8842 3692 8087 5692 1624 6949 7548 1208 5932 3438 3687 7521 5280 5953 7947
104 29 3511 3258 5537 2293 3380 1282 6309 7869 3078 7423 6581 8938 6908 664 4727 6628 7189 2026 1400 7971 8275 6239 9342 8043 8660 8305 7852 825 1637
105 28 8579 6001 7871 4239 1505 9263 610 8463 8005 4174 3835 7771 6849 5894 1223 4902 8614 2307 9085 2172 7530 783 5091 6325 3760 5859 9555 5674
106 30 8407 5939 7380 6284 9974 393 1735 1098 1872 1000 1069 228 3771 8675 7171 6106 1013 4261 8869 7446 162 2162 857 4450 9788 5548 2441 1399 1791 85
107 29 3611 7494 9940 8950 9751 7430 163 1593 5639 356 3743 6862 2408 4074 305 6539 9624 9017 508 3900 6886 7339 8433 3998 6533 3652 4353 5392 6096
108 29 5482 2297 1807 2042 82 2912 6676 8389 266 3989 1708 359 8666 1553 4855 4080 5447 6400 3539 5194 6662 1628 18 1281 6136 8731 6435 6121 9145
109 28 3153 446 896 3442 2049 4304 8285 8920 6163 9818 6648 3456 4343 7058 9668 6521 4492 17 1850 1476 7451 2199 5560 2718 6303 5928 9109 7364
110 25 7633 6488 8400 5333 6912 1750 3520 1603 1007 5412 4599 5015 57 5485 8804 6270 7434 8065 4409 7523 4381 240 3345 3403 4576
111 30 4398 7382 9460 2482 3762 9937 343 6395 4247 373 7925 6590 9187 6471 6742 131 4470 5393 7632 1940 9357 6848 6273 3112 2248 7164 5526 7801 6898 6148
112 28 602 7343 8017 3264 8471 1165 8569 7768 943 5366 6893 6552 387 805 2342 3886 7437 2929 4499 9319 3526 9657 1811 399 6704 1601 7903 7417
113 28 1579 994 3701 3811 1123 8046 5201 3556 8076 4079 1360 7076 9216 2019 178 604 9098 649 8429 9199 4022 4024 614 5232 8018 796 6157 6804
114 28 1826 8896 6992 6509 2239 8884 1521 2337 685 7045 5781 7706 1880 6780 9694 2981 1887 8269 246 1332 9132 3676 3135 3239 8682 4791 6656 1508
115 28 666 1831 5771 8969 8717 1608 7177 8006 80 4145 7257 5811 9300 2800 1726 1927 3552 1845 6140 2932 1514 8010 6 6222 4995 5787 6633 8879
116 29 7822 6687 3640 9095 7185 2642 9795 8876 1317 1423 6705 8892 600 3461 7212 8319 248 4894 9105 6834 7469 1232 195 634 1266 6988 9383 1665 7690
117 31 9211 596 6265 874 3763 3139 605 4221 530 5012 8794 5501 2178 3134 8015 2032 6282 8999 2806 705 9532 1077 5025 7301 1374 8306 2779 8953 7837 5930 6216
118 27 2414 9561 2263 3323 5 3644 8914 2001 7450 2188 8538 7549 7557 3525 2245 4596 905 7963 6894 9479 9004 9074 1287 2170 4643 3071 9577
119 28 9014 8207 8481 6382 6000 1639 7751 9451 8238 8988 4844 4696 9081 1552 9400 6802 302 2420 6736 1026 8357 543 9977 8527 3988 1672 8265 4188
120 27 7277 4989 9787 9612 5423 7408 1770 6162 4641 7614 2011 5488 6010 1146 6175 3047 4191 2271 5103 8662 8071 2588 8685 3547 3289 2532 2611
121 25 7313 1030 2557 1499 2212 8924 3299 3167 1218 4533 5162 2576 3786 492 6334 8866 8303 3365 9333 7019 5864 5569 6776 2936 8799
122 26 1938 2335 2384 6815 6566 9395 2289 3069 5514 7906 6098 4098 4637 9507 8720 9480 6789 1159 8344 7073 8510 5702 2510 3138 2249 233
123 30 8085 6152 8356 273 7519 2701 8201 6212 9457 4446 5068 5420 1933 3622 7112 1358 5943 2432 3884 6526 9644 9519 6316 7220 7524 7604 6311 2670 5227 8033
124 28 2652 8121 6699 540 5181 5542 5637 9044 472 5547 7387 9750 331 6182 8341 3853 6512 3754 4451 8817 6923 9514 1686 2618 9642 8501 8784 7820
125 29 8551 6425 665 3620 9258 3091 5784 9848 4758 3234 7876 1889 3453 7712 9763 5006 9283 9893 5899 2726 5111 8136 3154 6761 8484 8317 4923 4875 9351
126 28 1641 6214 1407 291 9980 5522 3205 4642 4017 4785 4140 9862 9043 512 802 6884 325 1684 992 4854 4041 3627 632 1474 3148 5481 8479 1648
127 27 6845 4494 7439 3953 4655 3537 3090 9939 7078 4262 7753 8691 1914 3137 8975 6326 1265 9016 7372 5145 7461 2177 4746 8117 8830 4512 202
128 28 1109 8653 747 2860 1681 7086 8532 7660 7580 4124 7108 5890 6811 2903 8148 9757 193 5174 9528 1803 7627 8998 2729 6832 7968 4502 8194 519
129 28 9282 5608 5908 2876 6983 6073 4309 6817 2542 878 5694 5579 6208 4072 6492 2231 5154 6083 19 5807 5576 50 4999 3842 7166 9452 1315 2603
130 29 2563 1752 3991 6819 8273 4629 221 5079 6538 4457 9737 9760 7213 9434 8925 2704 5971 1613 912 1480 3964 6070 7892 4979 1786 7050 788 7996 8232
131 27 6392 1824 553 3659 7867 6556 5433 4185 400 4243 6582 6378 8255 7310 7155 3125 4086 5697 2861 9682 3374 1978 730 4913 4998 4339 1363
132 29 3353 4107 4543 9568 1124 1462 8711 5353 1420 1120 8131 3494 1034 1147 5820 9232 1977 5399 1426 4778 3564 988 267 661 517 4947 1727 1212 4087
133 28 8450 9498 2855 7191 4152 9825 1160 8506 6572 4241 2426 924 3003 6696 7700 7622 3820 2521 5468 913 7565 29 9539 6431 196 8959 5897 4690
134 26 2452 6683 5942 9933 1600 3318 1542 5396 1081 3813 546 8335 3415 7043 4213 4538 3113 3378 3217 6194 5437 2285 2257 860 5432 8887
135 29 993 9589 9756 2769 3696 4302 3348 9350 9781 2835 4281 2986 3834 8020 989 9712 3662 1156 2246 3394 3270 5452 1997 3237 7807 6637 6404 4767 2436
136 28 1711 5941 7384 9416 3845 62 1340 5090 8944 8153 5124 9628 6429 7623 1070 5594 4310 4654 7964 9386 1922 5243 3996 9082 6013 8195 4345 5486
137 29 1574 839 2604 3126 8277 6379 4487 8627 7135 3546 8832 2148 3879 1461 815 1616 324 7961 9807 7940 9402 5088 9221 3015 9023 1369 1533 849 9997
138 27 4049 9957 7475 9286 1515 7061 1258 5821 3398 7863 92 6272 7363 4488 4549 8519 1581 2402 7403 4198 1202 7139 3493 1943 2907 6639 2288
139 28 9861 4259 8431 4957 3744 7952 7605 6738 9006 5508 6999 9311 5808 1664 3599 8461 6343 2602 2023 9938 5449 6911 2667 8846 9423 3468 7775 2107
140 26 1817 3693 7458 1024 3275 5167 2409 1028 5055 5036 1023 6728 2645 1409 6851 3319 8626 4330 959 1687 1086 5359 12 5317 2901 7887
141 27 9111 9031 9441 7929 9052 1961 4730 8022 5105 2919 8602 7958 6612 1507 2287 7221 1073 3433 9226 9574 2669 4319 894 731 8891 8744 7471
142 28 9155 8205 9584 5153 5612 7723 8727 7541 5406 5976 5597 8047 7459 4090 475 5662 3068 4143 9946 4220 160 1372 4510 4337 5747 7861 503 5211
143 27 6229 4632 3172 3367 1264 1794 3479 9936 1725 5293 2055 7824 2389 7308 4160 751 6611 3890 7563 4211 4013 6774 7289 3993 3030 5991 7796
144 27 4119 5147 7402 659 5117 4030 7299 6393 720 1082 332 54 2705 3010 2671 2757 3204 1623 3255 9341 3823 6602 5946 7542 4590 946 9982
145 29 6638 1691 450 8586 4710 4192 9831 7988 8235 4031 8358 9012 5442 55 8142 6743 8242 7438 1286 4429 6196 6455 9193 4108 7730 2105 951 9768 5831
146 28 9475 482 7793 6093 1822 5258 4677 9229 4745 1679 3105 7983 907 9010 1249 6075 6861 4043 8396 4399 9401 6118 8411 3084 7121 5918 8640 7722
147 30 1408 8125 6402 2186 1025 8991 8494 150 6300 7330 4064 6191 5018 4547 9736 920 4109 6940 4453 9239 6297 1388 4324 8633 9953 4615 9894 953 4419 2149
148 29 7427 2091 8432 4802 1267 5726 8756 7777 4385 5502 1189 4168 4582 832 2939 4148 2226 8707 4305 7283 1992 9048 4242 2072 4297 1361 9765 2075 8753
149 27 9284 8440 4803 1429 4817 7239 4387 901 8476 7032 8145 7701 9935 4335 7500 1720 2131 3252 7821 7113 4121 9291 4196 4895 2380 277 6906
150 28 8858 7175 1556 2472 9627 7488 4015 9310 1549 7304 881 5405 9158 1482 6904 2387 7630 1858 2839 6958 347 2180 7562 9335 1958 8776 2814 3436
151 25 2870 9360 4338 3618 3373 1257 2519 6826 3430 4272 84 1436 986 539 7271 1886 2087 7624 5362 8030 4155 1254 7788 7631 7153
152 28 4115 5492 7219 3405 4323 7927 7993 3532 3362 4657 8611 4919 914 3978 4623 2227 3248 9005 8656 921 3087 9061 5016 7386 5844 3159 7908 7272
153 31 2038 2381 3128 5387 6275 1260 2359 5580 5556 2403 6606 3058 2935 510 863 7692 3939 4843 507 7832 9237 122 1324 7140 1005 4631 1509 8024 9349 6598 9527
154 29 4466 6154 1140 8052 1390 7621 9665 93 8646 87 2230 5279 7877 916 4045 559 9483 3895 1450 6381 4920 8079 7967 3510 251 4695 9971 1235 9914
155 27 671 4922 8027 9130 6421 2838 3934 9733 8309 2590 4456 3368 6741 958 6617 5043 6035 5623 3739 7490 8606 9962 8916 3404 2456 9799 5885
156 28 1572 7186 8434 7014 6032 2873 930 6522 1354 8493 594 8284 5417 6749 8362 2631 1117 5385 9511 3012 5656 1107 6241 1479 8803 8272 1638 3375
157 30 6428 8546 1491 5377 3907 7259 8375 2136 1121 6385 4782 9072 7509 2010 6841 1828 2379 4299 8138 4491 9298 770 8922 3713 2211 3041 3467 4540 5044 7010
158 31 2636 9288 9361 3919 2906 5868 6551 8553 5312 9308 4833 1867 5661 6082 3199 6483 30 5409 1050 354 5415 2208 1356 3070 8576 9253 7617 6673 3872 5273 2150
159 28 42 8678 7496 4909 5182 3836 1344 2961 9442 3336 868 6773 777 4157 4424 3574 5236 4842 7582 1945 2356 5319 7048 5294 3196 677 4461 3059
160 32 3187 1539 3772 4327 5968 7249 8417 6446 9149 6711 1548 310 4132 9261 5947 7124 9264 3571 440 5853 1649 6004 9373 8531 3023 3141 7094 9463 8240 6942 5269 7136
161 30 9215 286 5966 4442 6123 1131 5323 1932 8848 8040 8391 6707 5352 6298 8650 4332 6924 8587 8444 7640 6700 8430 4209 2612 7868 2311 8582 8290 1946 3595
162 28 6423 9443 5973 3324 7976 5318 1865 5176 7415 5413 384 4823 6948 9367 9060 5695 4438 7848 6775 2192 3787 5011 9201 8247 8061 9916 1211 9255
163 29 9168 7030 8026 7449 5456 8701 589 8897 3647 7038 9375 4564 2262 9458 2413 9177 1137 2753 999 3293 3773 1335 6536 9486 5629 8110 340 869 6164
164 28 8315 3503 667 4050 9625 7375 4809 9267 9883 5350 6997 8558 4425 4713 7044 2466 5056 5422 8230 5338 2347 1155 1129 9886 9134 4827 870 8816
165 28 2378 3827 4568 5917 6150 3716 2346 4231 3203 7755 619 6033 4873 3849 1936 6072 2278 7206 8155 2702 6937 3689 9950 6797 8164 1288 3580 6441
166 30 8424 4805 687 4535 3702 8937 9565 9084 465 4544 7838 1972 729 7587 982 6146 884 4787 3485 4208 5933 8635 3257 8802 4688 2501 9687 1313 447 2635
167 29 1134 2090 9104 8778 1250 489 1342 4640 1304 5189 1435 4869 9228 1929 918 5202 5622 6104 7476 4159 433 9603 3910 9667 616 7729 5050 6480 6172
168 30 175 4662 2836 5553 5910 5713 9494 4394 1167 5570 6795 4579 7082 4892 8094 9002 9716 4112 6315 8671 148 5203 9369 4176 3163 4105 2448 6094 8132 3708
169 27 4065 5756 7529 1700 1644 238 2375 2410 3304 718 9908 9051 8826 4862 2077 5531 4752 4649 3965 4445 3133 823 9025 1543 9474 7322 5954
170 27 7653 4246 1186 6756 1380 4722 2738 3882 6715 2260 8821 2354 8761 7307 2130 9553 7064 1884 8361 6089 898 9572 9900 9358 4685 3143 8019
171 27 9872 1125 3579 3914 4926 5436 1004 2744 1485 7784 9976 7000 2092 1352 7172 3740 4085 5554 7550 9639 6733 4296 692 3936 8416 7885 6627
172 27 6812 4797 4068 2526 7790 792 9456 9133 4194 1370 5314 2184 7663 3054 5356 5643 1195 6045 761 4269 8163 5709 2250 5813 2904 7806 8618
173 32 8946 5613 9470 8324 6790 2126 8957 5916 3558 8638 1074 5480 9179 4743 1142 4373 8529 3013 2899 759 495 4528 6903 8388 5624 3848 2938 9828 5543 1001 8694 2446
174 29 7760 9764 8080 3951 1562 7865 8454 3465 3678 1419 7811 7554 9769 1458 5652 3043 5672 9896 9337 5094 2773 4449 4783 3219 4646 5805 9767 8092 3517
175 27 3491 1312 9797 8624 9428 703 4116 4348 9885 2646 5592 1085 3700 4120 4340 9169 5419 6195 7646 2641 6101 5558 8535 5809 587 2594 5707
176 26 5634 726 1275 1080 1430 8609 800 5071 7727 9809 4402 2534 9609 8982 297 762 8491 4670 562 4849 1506 7228 651 3663 1345 7907
177 28 6891 1492 1751 6234 7625 7436 2920 1322 6652 8874 6256 8260 798 9309 7586 8355 449 7889 4609 8271 9614 5979 2210 4908 2498 6573 6842 3107
178 31 4768 7720 5564 7481 3164 941 8645 9338 9126 1226 1709 567 9303 1046 3401 9430 4207 645 3408 7262 8457 9493 4342 7287 2398 2478 5215 8374 1106 7774 7759
179 30 3516 328 4937 3866 8549 2279 1238 1525 8680 4055 5238 7802 8189 6829 3801 9122 5541 2173 1955 4606 7085 3990 8160 7734 8002 9080 8070 4585 2497 1434
180 28 2993 5467 34 4966 2664 4788 9121 9571 7916 3865 1688 3273 2720 6684 639 4421 3499 2425 9156 8674 7945 6855 5155 7618 6012 7772 655 1298
181 29 156 1204 6597 810 6092 7442 5448 6580 9235 5739 4889 1852 4497 2887 1176 3390 2845 8175 2292 3244 8098 7269 5710 6579 8084 8712 5276 8167 6479
182 27 9106 8394 3385 2037 9629 2439 9880 670 168 569 5395 2004 2973 9299 7556 5295 3329 8703 9234 1362 4624 4959 2721 5633 8225 7655 4916
183 29 8644 476 2152 3149 8282 1465 6794 964 2983 4158 7305 1395 5828 5265 5104 5648 538 8233 9693 3617 2190 7055 7453 1937 5593 7002 3305 6650 9822
184 27 7828 4397 7787 3316 2141 2768 9537 91 2536 3912 1118 5603 2857 5869 1885 3963 8283 2200 4924 4972 5663 8326 2991 7923 1022 2444 5644
185 29 558 4236 5914 9817 6005 9097 216 4356 4521 4396 3330 6813 858 2984 2741 1221 5806 6678 9897 4285 7092 7224 752 9065 652 7090 467 9152 6179
186 29 3265 1060 5898 3746 2746 5435 8718 8649 8025 4504 3635 2675 1771 6502 9598 1673 5098 3031 1101 1814 8202 3586 1682 9285 4619 8487 6498 9163 4361
187 30 3562 9850 6482 3582 3050 1283 4673 2679 3130 8760 9502 115 4583 6836 8135 2111 1973 9706 2259 1379 4711 7391 6355 1546 3045 1333 2357 7764 7165 7207
188 30 2995 9246 1768 6778 432 979 2608 7296 177 6296 5659 3863 5169 2685 3317 1452 9344 4146 5239 4738 4604 3768 765 6986 948 6654 8596 1136 5284 2822
189 29 3636 7006 552 5675 5349 1737 3292 2057 2745 841 8477 5578 3131 1650 1642 831 2185 4129 2411 1523 4899 4508 4755 8905 2796 6709 3120 561 9873
190 31 7678 23 528 5247 7985 5416 9165 9238 8001 6535 6412 4374 7785 3147 2811 5075 917 7836 8119 6863 7067 6514 8354 2438 8789 5158 859 7738 3962 4556 1099
191 31 6570 5383 5113 6936 7543 6966 9223 209 8000 6675 9376 7284 7400 5290 6176 1401 169 3971 8133 4534 6232 3342 4245 9013 5873 7052 4571 6041 1607 4635 960
192 30 3581 929 2332 6155 8063 9241 6634 6359 6312 6233 5856 2547 8350 2818 2944 5067 96 3960 801 1252 3178 9840 4848 5286 6077 8637 7930 6161 4708 7652
193 30 3875 9446 8523 6664 3462 9899 768 975 4444 7097 8677 3490 9739 4749 4748 5114 7750 4780 1190 9396 7547 2764 8485 2953 181 6762 6722 1851 9802 5666
194 28 445 3782 6003 1398 1441 466 3830 2562 5045 3603 1524 2121 2500 8422 4815 6302 5816 9749 5421 4234 4173 2025 4666 8376 9164 9573 8683 1766
195 28 586 1143 5794 6910 304 6049 1440 5053 2320 5096 5083 8035 6337 4448 5804 6594 8667 840 9195 4333 3200 7128 4961 6153 3653 824 8351 4506
196 28 8698 5388 8927 2858 4607 9719 8834 3420 1253 4900 3313 4519 3416 6129 568 6545 633 2181 3162 3142 1722 7145 2374 814 7107 8986 8268 697
197 29 3236 1512 5984 3679 8540 2966 4278 4692 9619 6331 5397 4988 5441 3011 7948 8871 5076 7248 478 1006 8340 6158 9849 7972 7616 3355 6755 4963 9958
198 30 4891 2191 3899 9459 2963 1178 5945 3667 7379 2937 2457 9771 7068 2699 3926 1294 8550 6565 4244 1741 8868 1463 3980 2363 1183 441 1181 8011 3008 4037
199 29 3423 1359 8415 6250 9073 3266 1095 5424 6764 6567 7950 8659 3923 9091 9424 3961 3799 5628 3852 2449 1078 9680 2360 1594 2505 4518 4714 8470 969
200 28 9594 352 4238 4769 9636 4009 8176 4472 190 9436 7336 1444 7404 3065 4277 6607 2047 9626 3666 8930 5888 7687 4039 235 2776 8589 1868 2849
201 31 4801 2830 6578 5112 7986 3411 9856 513 7278 9949 6188 5175 9952 6763 5367 5606 3747 8095 8996 5573 3728 7825 8064 9379 7440 6943 4811 24 5591 9431 1921
202 27 6950 27 9635 3781 4195 2221 2908 5772 1609 7651 1564 3975 3798 6486 8883 9588 6953 6739 5458 1510 6645 2934 2483 6086 8845 9615 5204
203 28 1472 4501 416 1976 2535 6753 6990 2489 789 8466 6252 1920 5664 5581 2508 7737 1240 8331 2750 2605 8521 1031 1583 3614 9947 2268 6542 4184
204 26 654 2803 7011 780 8966 2106 7338 2707 525 9720 545 7370 2235 8864 7882 6432 461 7225 7051 7302 4403 7354 7544 103 6320 2217
205 31 9960 9718 9747 2399 9956 9033 6844 8564 7880 2233 871 9368 8552 2877 9389 8109 7069 9471 7357 8161 3738 8676 1586 2437 4150 2990 2275 491 7926 9296 9837
206 29 4467 3198 5889 7421 5109 931 6554 4307 4251 3544 2558 38 2643 6352 3393 4128 2527 1537 8259 9083 2073 8229 6679 8045 7517 9244 6029 9161 582
207 30 2209 3235 7695 4279 5658 678 7327 6994 4799 6666 9526 258 3321 4199 5540 903 588 9928 8208 5563 8173 1110 9905 4905 5711 8893 4699 283 4871 2980
208 31 2823 6257 2365 1862 6620 3283 9302 7227 141 5568 9500 5699 1371 428 861 3942 7831 2283 2798 8321 7133 3690 742 6067 5995 3498 3081 3208 7100 8583 2296
209 27 4078 9692 8977 5668 7482 7719 2591 6971 6084 5906 3191 2900 7532 6426 6166 8498 5484 7292 1806 8312 579 9631 2964 6490 9723 9410 8909
210 31 5835 2713 7395 6493 663 9874 7637 3281 8377 6740 7955 4431 778 3360 877 8787 9011 8210 8425 4572 3466 6870 1513 2575 821 1716 1762 7817 3826 3808 9895
211 29 8097 4260 7487 7694 3987 7367 6211 5188 311 3777 833 3846 1490 3568 693 6786 2653 2229 3621 4439 7 8881 963 6887 2104 5795 5734 282 4659
212 28 4852 6791 1746 7581 6563 2401 6027 7896 2281 6329 3850 5064 6976 5259 866 8373 3109 490 6777 3395 1251 217 1718 8515 2523 4422 2804 3952
213 31 6956 8545 1365 5669 4529 9115 5744 8442 2771 4575 2552 1899 8536 2017 198 1171 3616 9560 3602 4404 7495 5891 4154 1827 316 6209 9878 453 769 8412 9558
214 27 8220 6668 7015 4214 3391 4867 1804 8292 8004 4204 9857 1003 8509 2114 361 1057 1376 646 3445 5004 5792 2978 9034 6784 7029 8574 7555
215 30 3363 4759 314 4996 6961 8820 4903 679 888 4736 5793 521 3310 8038 5767 6998 6807 303 7510 4786 4253 3032 3626 5589 6260 6745 480 3024 6061 5193
216 31 8372 7642 5967 9699 4917 462 8421 2298 2232 8486 9634 2028 4435 7560 2833 6716 1353 8688 9140 5331 2625 6394 4668 5814 8127 5120 1209 396 6883 9544 419
217 29 3592 5952 8073 7253 2914 4628 4828 8256 4864 7761 8505 1319 5854 8338 274 9409 4094 6127 1757 1284 5684 2074 6769 3661 5344 5092 3062 8964 4300
218 30 4760 1568 5149 8503 850 3671 4703 6274 2274 7812 7209 1215 4906 6388 6406 6398 214 7546 7585 2974 7506 6608 3294 9536 2282 6907 940 4257 5779 3386
219 29 934 688 2890 9685 8833 9773 5925 8741 261 8628 1182 1695 5080 125 8560 6439 4051 398 1471 8 3115 8102 9813 9020 3354 3816 2786 5065 9738
220 28 8849 7229 8383 8740 9632 9816 15 8865 760 9415 468 3608 3515 8752 5962 7924 2327 9653 7732 7716 6081 3469 2896 8219 6068 6332 3188 5107
221 30 4473 816 6640 4436 627 1138 1904 4589 5355 4163 6586 2325 6213 1661 713 7378 4570 1336 6967 1970 4731 6880 4537 1311 5812 4384 4674 4063 470 1179
222 28 9413 2864 1139 3417 5229 2868 9622 7142 8783 615 4443 223 9792 7702 8942 6653 613 3737 6558 7170 7274 8853 7306 1580 6327 4592 3038 4747
223 29 9888 3628 656 2195 4739 2622 3170 2175 1693 8862 1630 3290 2686 5048 1706 758 3535 8921 2490 2816 146 7197 3841 4416 3943 426 5667 3918 7540
224 30 2163 6557 3911 61 8890 3764 5949 4252 8913 174 2601 2061 5035 7672 9249 5219 3983 4845 8534 4202 6247 1949 4620 828 4721 8567 9805 3207 936 6088
225 28 4904 4060 498 1614 2358 5348 3997 3037 3654 1532 7036 9979 2842 3828 4471 6380 8773 4070 8800 9271 3338 7895 2751 415 5491 9786 9192 1289
226 27 9742 8339 3471 3350 5999 9322 8178 5742 8993 6015 5983 5249 2314 8137 6837 6403 3432 6964 5676 3725 6517 1297 4366 4228 1486 5789 5470
227 29 9141 4794 4481 6973 3680 6519 9943 8517 2415 363 21 8191 6018 1406 8882 2219 7273 481 6788 5893 4073 4462 9364 4733 2927 9705 3074 8514 6051
228 31 2234 4447 5209 2693 5171 3412 1674 4089 5887 1610 7462 4728 5000 9490 1963 3674 2108 4059 2660 5708 9026 1534 4613 9948 6022 2866 3311 4698 3381 1773 9212
229 28 7245 6610 9202 3306 6677 4005 2391 7316 9499 5530 6918 8907 6115 2014 4276 8732 3837 8900 3967 1384 293 6560 5615 9542 4683 2215 7534 7590
230 27 9392 4349 1067 9219 5705 2138 4069 5177 9393 2595 8213 4383 8426 1068 1173 8034 2684 9783 6987 7017 3655 9524 581 990 1473 9827 6599
231 29 5266 8472 6245 5997 3455 555 9762 5146 1545 413 5309 322 8482 4417 9390 8190 335 4847 1291 967 9843 5339 8252 4468 1454 5459 617 6269 3554
232 28 1965 3492 2554 2228 1421 3610 9407 6099 2541 9314 2243 2153 109 5450 3108 635 5248 7103 9429 6346 118 1529 9181 7505 6932 1105 7424 7756
233 28 1187 3025 3972 7516 3612 4933 899 5587 5401 1310 7942 997 3435 3303 4602 99 3897 887 9779 5047 2222 5250 2302 4584 1428 120 4775 973
234 30 2146 5535 1805 1148 6374 5066 5166 6859 1944 6230 8603 3545 1228 292 5118 1102 9959 6540 2462 4482 9345 3714 2831 9605 5599 1995 7411 4026 2059 4014
235 29 2758 1038 3460 7752 3524 629 6242 8257 8673 8458 5028 4684 2948 8507 7290 6365 4232 5825 9922 2127 6165 8342 4912 3542 8788 5261 1015 8945 8932
236 27 4141 2496 5077 2755 4156 5883 2673 7960 3500 5382 199 9728 1935 2589 2560 4258 6877 4475 2598 3843 9225 5686 6408 8081 3328 4881 8311
237 31 6198 474 8170 7244 9621 5082 1203 4478 2161 8912 4856 9412 6449 6206 3812 8601 4230 6111 8028 247 5034 2742 458 2476 9450 4664 6660 7731 371 9847 4329
238 31 8724 6897 5206 5237 1417 6113 8250 1677 8577 5183 5687 4047 9821 1128 2761 3271 9823 8757 6939 72 8397 7057 8428 6139 4320 8695 5559 2119 8548 511 2098
239 27 9714 4574 7115 961 5585 6985 8572 3427 2960 7709 3797 8604 430 3175 1052 3343 505 6759 591 8021 7452 5305 8363 9041 321 4254 7649
240 28 1587 377 281 2012 4476 9590 3783 9648 4880 9339 4792 3228 8857 2465 1621 6433 5642 3359 9929 7325 2461 8157 8706 818 3583 7997 9607 7341
241 28 45 5160 1468 7394 1926 8439 6016 3272 7111 1083 3742 4290 5282 7739 9931 7795 2419 6387 599 807 8212 4968 695 5582 7156 4552 4956 7492
242 27 389 811 40 9190 7022 7028 2470 1242 4040 686 8989 8886 533 4477 9830 9776 8199 5288 6568 5743 9550 4505 3938 3274 9748 6390 4915
243 31 1717 3632 6931 2418 2640 5520 1604 3114 7675 4545 5838 3565 9910 5701 9365 2817 1598 955 4865 7083 5469 5089 8474 3838 7551 4877 8880 3958 1653 9784 2223
244 28 601 7511 6294 598 9640 738 9745 8262 1089 532 9664 3695 2056 2220 3684 2951 9999 5498 4498 1180 8600 7862 6501 7601 6532 7214 7123 8180
245 30 9049 3756 4392 227 9755 4144 7381 3300 6215 5159 2511 9835 1158 2548 1489 1870 965 1819 618 1216 4464 7444 506 6541 8747 9934 7261 3719 836 9941
246 30 8598 773 8850 3921 4046 4250 7607 541 420 9178 991 3817 2076 3356 5782 1135 7075 3605 9734 6905 7314 46 9638 1328 5677 2264 8987 3589 5178 3876
247 29 746 8183 2005 9378 5829 9777 8293 3669 927 8182 1248 2629 8815 7340 2977 5994 6706 3512 8041 5431 4781 1355 1162 8308 2261 6667 1916 8402 1993
248 31 8057 5703 9136 7173 170 7116 443 6658 2247 5757 3487 5059 1002 1405 8639 3028 9421 4737 8972 9262 5463 165 3924 8126 1500 4907 6916 4437 7850 7978 7688
249 28 13 6982 4994 5751 3954 684 8410 2158 5843 7503 741 2416 9464 1145 9876 5479 1502 4618 3915 4675 520 6771 2336 7342 5549 5375 7747 1651
250 29 7584 3720 1424 8565 5263 2841 132 7054 1707 9554 6523 3637 8008 865 3464 7893 5731 4106 5495 9009 1703 6801 7101 6688 4936 3057 3540 2582 5987
251 28 8099 7545 1924 3598 4200 3722 7349 2797 7680 6037 3194 6085 4986 5379 7102 2034 595 5980 176 4626 7204 9608 3066 79 3451 578 1690 7917
252 28 9180 862 1040 1860 7020 5226 2394 572 4454 4500 5222 161 6674 2606 7025 9256 6338 1469 5688 6792 9911 4982 9468 6619 509 9991 966 8805
253 27 4960 8502 4433 2512 2965 4393 3804 9272 3780 358 6697 8106 7809 7844 611 1272 6353 9534 6307 4142 3874 5649 983 1396 2789 3769 2084
254 33 102 5008 554 6970 6407 5251 5525 5682 3741 1299 6547 2318 3340 203 4021 4147 8066 3477 2581 379 904 536 8113 6525 668 9649 8716 1900 787 9613 8236 7805 6511
255 28 8172 8568 6765 2343 3118 2840 8737 2574 9362 5900 620 7407 2120 4835 3807 1905 4113 414 7628 2662 9656 3206 2284 6631 2885 7677 2985 75
256 28 2600 9117 1909 9884 4248 5125 794 8588 2083 972 4687 8437 7443 2551 5477 6226 9525 4372 454 797 8763 8112 7791 3092 8978 3868 819 63
257 27 3831 6543 2954 3682 9836 2147 5022 365 9533 9853 4652 3298 2276 7300 3585 2982 4125 5389 6528 3761 5143 2784 8777 638 1010 6680 8314
258 29 3425 1247 702 1835 60 4165 949 704 6866 7468 8330 8734 8844 6143 6873 5842 3641 8217 6946 3371 4441 6019 9176 8393 8197 4840 2999 5257 2155
259 31 493 534 7042 1597 215 1076 6105 185 6615 7693 9203 6609 3670 5770 1280 9381 5095 418 1611 5246 1591 672 5321 1979 7389 1277 1470 2308 5780 3970 3642
260 28 4469 4949 5583 7698 2756 7769 8992 1243 1127 893 9127 1589 3981 7725 3301 1088 2321 1823 1394 6031 6477 3994 113 978 2834 2273 9556 6885
261 26 1999 9688 9506 1776 7572 173 2680 4289 7816 7267 3136 3894 2372 4027 1 5640 5931 8704 786 1966 3426 9124 6059 6397 6737 6017
262 25 3883 8447 1205 9079 837 3242 3821 2280 123 8384 4288 3096 733 1632 9709 7573 7504 1605 4729 607 8058 7970 4237 7608 6202
263 31 7256 7132 9826 1816 6363 9123 873 2301 7347 7981 2788 4822 4720 1698 345 557 2225 5378 7834 9509 7762 6333 8806 5753 9377 1728 5466 2189 5216 8898 3232
264 26 6330 3452 5545 8130 9761 2295 2644 3625 8642 8894 822 9618 6174 270 7196 7236 7210 1702 488 2421 6569 8749 2329 6271 977 7418
265 29 9053 9213 4951 6475 1325 571 515 4975 5010 1477 1643 7345 4612 4617 3211 388 4406 842 8056 7956 1008 890 712 2383 1305 6305 4940 8715 2791
266 28 6042 1377 9366 1192 8872 6348 5857 7117 1730 3212 5647 5404 2520 7388 8489 5191 4839 7676 8156 8767 7749 3538 2160 1878 3014 7553 98 2820
267 31 835 7781 5475 4091 3867 8936 5210 3001 6361 219 8668 8943 76 239 9824 7233 318 4240 7353 7027 1729 4939 8719 7933 735 2491 4138 3457 8539 6843 2423
268 28 5604 1893 736 2578 2024 236 883 4465 2039 8055 5964 8976 5281 3449 3609 3073 6204 3327 6527 2580 154 7193 8456 2046 2567 2008 8443 7234
269 30 5062 1942 6796 2933 3396 879 3238 6500 5303 9491 6630 7536 6310 3094 58 5718 2821 8333 3824 9985 8692 201 4558 1443 88 262 8658 3474 9841 592
270 29 9890 6227 8983 5555 7026 2013 4553 5863 4550 3158 3481 9281 7039 6814 7118 9334 2739 2949 1341 7285 3428 9834 8888 8647 4593 2537 9904 2925 2367
271 28 681 5837 5503 6754 5310 6718 8462 5875 9675 7629 7484 4032 4284 6665 3944 9547 7909 1906 8420 9676 3337 7669 1953 1731 7713 1820 6513 8385
272 30 2922 3181 3681 288 5207 3623 1787 6727 6036 8251 6344 9173 5289 7949 1721 1170 7012 9570 2290 500 4987 4554 9265 7659 149 9112 5650 3279 9481 5823
273 28 4322 1387 7183 2350 9790 167 33 9986 7317 3724 9317 5192 1585 1544 6757 4414 6714 5252 2128 6734 7874 6401 885 2824 3351 1881 8941 1864
274 27 9151 1573 3051 9735 2166 3881 690 8488 3905 6472 391 4990 1747 7612 3180 9066 4557 4706 9730 9294 6034 469 732 5936 3697 7270 6135
275 29 2584 2648 2583 4660 7109 1558 1293 5138 9495 3887 59 7939 8801 8115 1774 2300 3650 2485 650 4389 7634 5892 1646 8169 3352 5882 6821 265 9604
276 30 7901 2156 4303 1842 9042 8530 2801 4273 1657 9798 5879 7522 9704 7884 3441 3344 6078 4541 2164 9901 3097 8280 8951 4265 2063 6818 7804 2099 2956 4171
277 28 3249 1734 429 8699 9139 53 9183 4953 7390 1092 1292 4295 9845 4226 8759 9427 6039 4513 5625 129 3572 197 2095 1316 574 6955 6055 7502
278 27 3440 6021 5934 9732 8906 1913 7406 939 2613 3086 4941 4100 3705 4351 9325 8960 4493 7783 9746 6831 3673 9198 4850 1449 5398 4586 4978
279 27 6261 3209 7096 1330 4455 3536 7144 81 5759 1306 565 7275 2780 7288 2882 9683 6417 3263 1296 8863 114 5571 1227 3668 8037 3285 3810
280 31 6424 2996 6720 5134 2570 1241 791 1245 1541 9954 313 3315 5791 237 9672 6624 2475 7673 5810 5733 5099 1528 4427 6281 7376 2559 4984 2828 5712 1522 7886
281 30 3016 9814 9887 5069 5156 5483 9772 6485 147 8790 3195 2624 1680 2928 9222 9207 1530 7515 4033 3891 9597 6219 8405 7665 6583 8672 9347 7938 2007 6056
282 28 3042 5324 1983 3932 4784 8526 3103 4205 5935 257 3407 2044 4546 5135 669 2692 241 9518 8856 4029 4075 9508 5515 1798 6823 1551 3531 7527
283 30 9191 750 8177 7335 9806 8697 9915 8746 5157 8460 1032 9983 6178 8390 8378 6846 9276 9405 5123 4357 5920 1984 8209 9652 8556 2427 8708 2712 7921 4771
284 29 2672 8246 8934 2971 4186 8663 1093 1917 8723 3229 1754 8605 1467 6006 3389 7758 263 3253 1619 6529 136 9086 2503 826 5009 2094 4954 1739 6730
285 31 3448 5097 6461 4099 2633 3332 9864 8828 2947 9690 5509 2052 4914 8435 673 984 369 9214 255 8643 2665 3000 2159 137 7501 5728 2812 3710 7789 8619 2134
286 28 295 2785 8797 460 8204 9678 6411 4969 5512 4562 4647 8296 7989 1418 1856 3896 1536 6758 1584 9473 3029 8748 6858 7595 9517 205 4256 3570
287 28 5959 1191 4765 1036 4034 5051 8726 6205 8687 230 4665 4019 7429 259 1968 623 8168 2972 4056 1164 155 8449 9637 7477 2088 8743 7066 7348
288 26 327 5955 89 2003 9397 208 6007 9315 3243 8469 9921 9871 1261 5732 8860 9021 2174 3789 5328 7169 5381 5538 6181 8792 2349 7559
289 30 6808 8669 8227 4311 1448 5867 7840 1821 8398 2722 6357 1861 2020 3893 6418 4280 8139 7181 3615 3414 2458 1438 7311 9167 8032 621 4680 1678 5410 647
290 30 3902 4830 7222 7611 9811 294 1055 7359 1839 290 1668 5440 4127 564 1952 2204 6692 6451 5487 4868 6199 6549 346 897 6593 2422 7741 4268 2267 9969
291 30 5371 159 191 7351 4910 6322 5706 9546 9975 7748 4263 5070 4921 5291 4410 8901 5519 6350 2341 7823 8300 6064 944 5902 8836 9865 8981 3083 5717 2719
292 31 1808 3119 7358 8547 5460 8072 9329 9585 3587 8042 7062 1526 2913 781 2682 8254 6968 8847 2488 8419 9125 1200 5992 3947 7714 3859 9563 4352 2481 4364 9600
293 26 5919 5645 6347 5031 5534 6444 4314 6221 1802 974 3286 5803 3251 5972 2979 5037 4010 1087 1696 7818 8962 7074 2691 882 6149 9204
294 27 962 5325 7397 8733 4573 8754 662 8349 848 5474 3035 8899 8352 9796 3129 64 5038 2362 8086 2035 2486 1570 9620 3930 5685 5551 531
295 30 6781 7216 108 3064 5298 952 4053 2129 2917 987 4542 7131 3631 1459 2165 838 6321 6453 4645 3088 8947 6383 7254 242 6899 1834 7478 1559 4111 8009
296 27 5552 625 1035 5965 8261 5783 184 980 1792 8499 1908 7830 5427 8630 9673 3805 7578 631 7685 7686 1658 7498 889 852 6189 8819 6090
297 29 7643 8657 4507 1560 8693 8634 7110 9059 3675 7847 2050 4689 8686 8814 8796 3672 8226 5957 4826 8822 1987 6342 3995 6324 2709 2737 2585 9404 3634
298 30 8090 3076 4773 3698 2252 4018 7176 7361 8264 9220 734 8623 1799 2316 7005 245 6376 756 424 1230 3282 2733 7034 5922 3712 9032 4702 2716 224 6835
299 29 2805 5673 548 16 7992 9147 9961 5506 9425 8289 9562 353 8448 4382 6772 9616 1571 3231 3718 8580 1334 9062 1912 7717 9148 3226 7174 518 9418
300 31 4804 804 7639 8971 5115 7151 2144 7016 6244 74 1020 6185 2100 8931 6025 1829 7491 86 6977 6288 8054 272 1072 6702 9523 8554 7518 501 3366 6038 2504
301 28 8453 3288 68 1442 1715 232 745 5457 6328 1259 9842 3146 4667 339 7344 4761 6134 2484 7635 3549 9711 9245 5019 8770 5471 6184 3422 7021
302 29 9670 5326 5721 8885 9268 5714 7944 2687 5510 1290 6224 9057 4179 5840 7130 1413 5026 9674 8313 3569 9142 3509 9108 5521 7281 4973 5729 4965 6491
303 28 7138 4634 2442 7982 5826 5313 9909 6369 3341 6268 8253 5766 6941 1308 66 5199 1645 6120 7373 7497 6391 2443 2115 516 9293 8298 9724 3748
304 25 8725 7539 563 2396 6255 2053 1689 107 2477 1301 7243 7935 609 643 5775 211 1625 657 2621 9972 1633 6828 1967 5002 7368
305 27 9159 2550 9868 9951 1863 8584 3949 1784 689 4489 872 6882 855 7346 5443 3250 1391 3085 3007 3397 6592 3447 9766 9353 5678 5042 9478
306 29 8103 8607 1339 1051 2168 706 473 5253 5763 3379 4732 1172 1321 6060 2428 367 2714 7999 8571 7780 2543 1843 876 5719 9170 641 2123 7854 6065
307 29 1141 3075 7708 6871 1890 504 3079 7356 9851 1676 1647 644 8855 8334 4633 8926 9852 5755 9070 4861 4233 206 5085 7583 9143 4735 1891 764 6301
308 26 1466 7794 5195 1745 1217 5446 5296 2176 2513 4882 1919 8278 5839 7018 2593 5651 7333 9088 8809 9472 186 1061 5110 6901 9438 4625
309 28 9925 3551 8166 8841 7147 8651 8968 6978 4931 1986 5327 5998 8512 9008 1894 1736 7813 9867 6875 8403 8570 6047 4484 7897 6366 6008 8360 3767
310 29 4523 1833 4166 6655 4415 4123 6618 7441 5911 3166 6574 2382 5848 7099 4177 4955 3193 6760 4359 1733 8452 1455 9063 6103 44 1634 9586 1150 5240
311 28 2851 5233 551 6030 8445 2167 4282 6744 2832 4929 4898 2412 2495 6735 7035 2872 6930 9103 7168 3969 8467 5316 6076 7705 6972 6074 9782 124
312 31 3117 8468 915 3005 6177 6520 4076 9055 8111 6295 5861 8150 9973 4178 8967 7589 2632 210 8223 3102 7881 326 829 9578 5607 5221 2328 6921 2881 2371 9354
313 31 3145 3210 5136 5472 4480 5896 9540 7561 8274 1971 1683 1622 2122 9497 5108 9902 7053 2312 7808 5212 9846 658 7920 1699 4036 4705 1518 8244 5609 8151 7899
314 33 7914 8299 8406 1021 3476 4126 9027 3847 1998 9990 3388 2286 7776 3392 4002 5200 3759 9552 2006 1840 9596 2333 8304 7241 8735 5518 4790 1378 3717 31 5774 9882 4644
315 30 7080 1364 9236 5128 9273 2036 6341 7866 1759 4110 8573 6585 4985 6063 1662 2125 3576 2407 1652 1075 4203 2471 9879 8929 8174 8146 7900 4962 6279 3082
316 31 9340 2517 457 7922 2135 8910 5368 8831 9107 6793 4885 8206 5550 2923 2066 5073 6670 8221 6621 8023 4742 5179 8181 7954 9146 459 4287 8782 2067 2530 6632
317 28 9321 9054 188 1152 1575 1229 3486 2027 5074 4958 3110 8755 3124 1847 3026 8295 8414 8291 6020 3793 3221 2987 455 6920 5430 8918 9330 6413
318 31 719 5030 1925 3833 4870 3950 2747 6280 4795 8873 8441 6160 1011 3507 8661 2724 213 4434 2740 6124 6336 1201 8301 7454 880 25 7508 4580 3664 3829 5638
319 30 9696 5524 7574 3027 2736 9382 4587 2154 7369 3185 135 2763 8294 1144 8185 844 5214 1918 3184 7208 6193 6095 3864 6465 3527 547 6028 2829 6732 9932
320 30 2586 8366 7894 5244 1795 1373 9599 1149 111 753 2502 4376 9135 895 9312 1161 3885 2596 3751 1569 767 3521 3688 5391 4291 3979 4354 6264 6576 5679
321 27 1769 3240 4878 3534 2205 968 1855 1994 1898 4004 3774 6318 584 3095 8279 2015 101 2792 268 5602 4663 728 4569 6478 2054 7008 1268
322 30 8141 8184 3878 5345 5116 8266 1547 9892 6236 7374 3277 2897 5611 909 2730 2369 5746 4800 9174 4763 7211 2317 5234 4255 20 6881 4832 6142 7049 5454
323 30 2921 1595 3312 6889 3 2352 5693 3573 3480 550 1692 9815 7009 5600 157 7763 2364 4704 812 7433 8496 7786 6243 8508 298 7602 6360 5507 2556 4964
324 29 4661 1599 7031 5511 1772 4697 4093 956 1836 7745 4726 3280 6183 3127 7962 1063 8288 5614 8827 4879 3809 9775 6694 808 3946 4274 1697 5033 5455
325 27 8561 957 9942 9646 1422 4976 8681 606 9461 4003 8974 6171 4136 6367 9448 6220 6396 6249 847 6373 5141 3002 9881 2533 4820 696 8307
326 32 1785 6785 1066 5940 3733 682 2433 8316 8655 7472 1724 7377 9372 1701 4011 7088 3437 3567 5567 4035 3945 7507 410 6723 7480 5408 1626 3734 5948 6830 2157 6130
327 28 724 9194 8952 7798 357 7715 43 8154 8483 9067 7188 8248 3806 8621 7126 9630 7129 1903 4846 3140 5735 5765 3559 1790 3909 5926 3645 9343
328 27 3190 8504 7689 9304 6995 1276 385 3904 6944 2132 5322 3892 6693 2033 8807 6629 4656 7425 9269 3726 2566 5445 4490 2959 1928 4418 5723
329 30 4172 6980 6888 2469 2085 2339 2429 6686 8840 5749 9654 403 3629 9217 4365 8051 7081 2886 9512 8612 8664 9859 6661 5337 4367 5937 1550 9403 5561 7318
330 27 2368 9038 928 7575 5797 1996 3984 2525 2538 5951 1960 7792 5027 7558 8029 9671 6839 1273 945 9449 2597 2638 1947 172 3522 6564 5738
331 28 691 9447 5197 1670 3322 2253 3009 4001 7065 3429 4264 2943 1045 8616 9233 9411 1416 14 56 2270 5139 6605 1617 6917 2376 9633 4561 5029
332 28 1959 7205 7251 3259 593 5796 7915 5760 8641 7024 6989 4344 5817 6399 8329 9617 4496 9551 3976 6349 7303 9374 1930 6169 4548 7654 8392 6422
333 31 4967 5049 2777 676 5086 6868 3703 1151 5274 5277 3508 9110 2826 1934 1483 1494 5752 5505 386 2113 9701 2688 7913 2117 464 717 8165 1270 2969 5473 6207
334 28 7426 2766 6463 9702 9515 9462 7910 674 2303 7661 8147 7645 1262 6544 4776 1382 5924 9323 6725 438 5494 3593 8632 4608 8750 9444 1596 6440
335 29 5876 1415 8710 3519 5855 7845 7203 8239 6919 4388 7875 3606 3174 7157 6044 9707 4328 9659 2453 5641 5364 6548 2905 4038 9759 1705 3956 3870 1445
336 29 6933 6770 4169 8003 8234 9721 320 4950 9725 4630 4432 5601 8413 6137 6892 2348 3067 1169 8684 763 707 3862 7445 5380 2393 6867 8228 7537 8629
337 31 2440 4066 8543 8118 8438 3557 908 590 3326 4025 6860 9420 3506 1214 6114 2171 1636 514 5205 4595 2871 6107 7182 2856 3424 3588 7106 1385 368 2213 7215
338 33 2772 7704 1285 9522 5696 9754 5990 7538 2499 1897 2009 7767 9703 4092 8332 5833 7265 5758 4970 985 923 2473 8525 5283 8101 3309 2545 754 5275 3161 1503 7460 8544
339 29 7833 3665 1712 9352 2815 9963 2096 2674 1895 2955 7091 67 5874 1188 9729 183 1403 6938 6957 9137 7904 9306 7799 4993 105 9208 5849 3472 2894
340 30 3183 2698 4122 3201 6102 4718 5126 5351 2238 7392 1797 5311 1389 5691 6253 6450 4883 6180 9077 744 2941 4806 315 372 5101 5536 3308 4526 7718 3039
341 31 2734 94 9417 6635 2244 9120 8575 4694 5596 2728 2179 6515 2651 2040 8665 9844 1719 8610 2224 471 5927 8795 4216 8738 5184 6713 6002 6503 145 7593 7187
342 29 7851 612 8399 5462 8613 3347 4858 6902 2194 3176 3364 2825 394 2463 1029 3495 9387 2299 6853 1748 5271 4816 1331 8179 2269 5256 1875 4712 8465
343 28 8854 9538 5903 8949 3150 1923 6427 435 3715 9260 4460 8222 225 4925 6591 5373 8764 4118 5841 6900 2366 366 7465 1841 5386 1655 9866 3555
344 29 187 3832 8835 5865 2140 2752 3186 5670 7240 2071 5533 1303 6993 143 2464 3458 2309 3222 4686 6913 4971 4210 6053 3450 2203 3601 1540 5681 2863
345 27 6613 3856 26 7744 8766 2018 5376 200 6824 2030 9780 5347 9068 6414 5737 299 8116 244 9171 6071 269 1857 1375 3649 448 8387 9154
346 27 4114 6497 6857 7969 1964 7773 8958 9753 4193 4292 1557 6238 3686 5720 4676 3928 5773 3638 2650 2455 8014 1112 1812 5032 8105 3633 5921
347 26 6340 9243 49 8327 6278 971 3619 8249 4577 3794 2370 6024 4829 3888 9794 9469 9487 1563 748 3613 5300 6141 1765 7435 1991 5988
348 28 9058 7566 6595 5529 9669 4104 8791 8793 5235 7815 5106 5411 2546 9292 8758 3473 370 6571 4007 6370 8104 8648 1951 9579 1295 3106 6647 6014
349 26 5588 6671 1531 4650 2048 9708 9467 9078 8700 2654 2735 2255 5847 1314 8490 4819 6110 6604 3296 6116 9819 6838 2706 5960 6952 2338
