0 41 6644 710 1775 8599 6151 5409 7148 9928 9 5630 4899 7331 7460 8463 2215 1192 7186 4016 3161 8840 2314 5632 2854 3297 8569 838 9145 9507 2710 7770 5022 1944 8214 6720 6394 9703 8094 5341 5914 8740 9961
1 39 6630 5502 2443 2088 7251 3083 9072 1861 1231 1371 2176 7724 8530 5091 6357 8423 1479 7011 7505 9923 980 5235 2164 9079 737 6776 7178 8592 1133 1948 8647 2192 8078 9299 5182 5163 3254 8285 1520
2 38 6686 7319 2386 4426 3556 5399 4502 4548 8716 4051 5640 4192 9478 9900 312 7108 1425 2165 7607 5157 9887 1624 7947 6152 741 5749 5025 9265 7391 3907 5321 9084 3406 7139 213 5793 1384 1032
3 38 6695 8431 517 4661 1625 3435 1031 2530 4992 2338 6998 2155 488 1886 3002 721 3382 8752 8575 1248 4413 2841 215 2942 6557 156 3647 7782 3669 2127 1164 3145 8054 4237 2877 9032 8080 317
4 40 6583 5148 977 8844 6077 8232 8552 3366 4588 6861 1117 9337 5068 4167 4716 7352 1281 3396 7692 937 7099 3852 6080 376 9770 2096 8729 7613 4068 7928 7993 9558 3429 9474 5735 8266 1332 4959 7129 3737
5 40 6569 258 9223 5799 2715 3533 3694 12 5835 1553 7973 2258 7725 4360 4889 2206 894 1563 4154 4169 2752 5871 3963 2108 1278 297 6968 5616 2934 2030 6337 2884 2049 8101 7164 7172 9537 9804 7427 7153
6 38 6704 1478 1435 3594 6158 3578 3019 189 4387 4981 7710 2499 1918 2774 6003 7933 4323 9322 7469 484 7 8956 7157 9461 2310 1249 3190 8753 1048 3408 4694 3798 2219 6218 8882 4428 5746 6224
7 38 6577 6074 2895 790 2308 5132 6066 6263 6914 2664 4705 8107 2064 9370 976 5814 1568 2686 4144 8452 4291 8794 9344 4526 9425 516 9764 4581 9993 5636 348 6343 8978 5527 1535 3452 2 9486
8 40 6697 476 4797 3339 9123 5628 4200 4585 1654 3065 9546 5026 2972 8450 468 9739 5184 1971 5474 5223 8135 5469 3956 4282 3434 1615 3082 9611 1023 6135 6285 2194 8144 6469 9592 8596 8289 152 7136 5791
9 41 6579 6379 9964 6244 2003 1076 4182 5947 5715 5726 2880 975 9521 345 1159 4754 2340 3509 6447 50 4242 4629 4714 1482 5050 2568 1140 8415 4590 6724 8862 9543 1589 1796 2546 9698 6363 2788 2306 8244 7260
10 38 6655 1888 9004 2964 9059 814 7244 9615 8536 1612 760 3476 2861 6804 3129 1229 7481 6519 5185 6212 7583 3023 4660 4738 2906 1526 2625 5658 4719 2488 9467 6621 4268 991 6889 6163 7885 4224
11 39 6699 5480 6228 3812 2199 2128 1694 6048 8171 2081 6022 2550 300 4255 3063 4070 758 4194 6775 590 4256 4969 4227 7096 2447 9731 8513 9845 2980 8627 4752 6972 3159 6259 7749 4516 3560 3579 8784
12 42 6582 8021 4880 7899 2434 2042 8936 9631 3001 5583 4930 458 1455 550 6210 8388 4521 2197 7762 7054 6982 1003 8665 32 1447 4539 6922 7529 1741 489 6959 1087 2616 8475 4173 4911 7854 6936 7618 3736 9505 3717
13 41 6629 1219 7765 4162 1422 5880 3949 5280 4248 5983 9391 2982 8257 9132 7745 9011 9232 9914 960 2798 3875 3379 3325 3058 9043 1293 6254 1171 31 4345 3841 6116 7356 5272 9073 4847 1930 291 617 6159 6593
14 41 6597 9886 5034 8375 3692 4566 3479 3475 9667 8271 8294 3616 5445 4802 8012 5135 6320 5314 4118 2885 9041 7669 7675 8850 5522 6093 8349 2766 9849 6065 778 1377 7007 8967 6528 2540 1477 4195 5134 5347 8095
15 42 6656 4017 5155 1523 2039 8403 9268 4656 2336 914 8720 4299 1392 1632 4782 9799 7651 2811 3034 8602 9617 2412 9200 2441 508 8400 3754 5414 7605 4770 3490 2981 4083 6756 6864 1836 4086 6184 5127 5434 5199 4066
16 40 6590 2421 565 5913 9681 3897 8409 6037 1620 5685 2604 7579 8957 5499 7893 3173 194 7779 992 4985 2132 732 2191 2495 8273 307 102 117 9650 8339 842 4287 2419 5802 9705 5810 703 2247 5921 825
17 40 6567 3645 5607 1887 4045 7926 3547 393 4679 1759 6035 8487 9978 8812 2803 4853 3121 4452 4823 9170 63 925 8512 2058 4112 8435 7266 2116 1692 7786 1197 471 3583 5839 6882 313 3602 203 5196 6050
18 40 6703 1816 6123 1634 2296 3857 8043 9518 9307 6114 398 7067 9096 4015 9618 6381 5189 6735 7051 7055 6364 8747 8010 3307 9397 3710 6094 593 5153 4178 5421 3714 8639 4322 5293 4380 8186 4229 8768 3040
19 40 6643 574 479 6496 8404 8681 8976 9239 1112 8874 5840 5847 4700 2394 4486 9000 8159 9594 8651 3188 7156 1216 816 2794 3585 9663 7364 7247 9673 5531 1445 3581 455 6921 2328 1472 6960 6373 5809 6280
20 38 6667 5837 280 7283 9888 8988 1631 1537 880 5670 4687 2162 6841 9069 6237 5288 3385 136 4042 5736 1101 196 9120 2083 7171 8384 9498 8145 4347 3497 3253 4533 6928 3100 4078 6615 8051 2021
21 39 6641 2650 2070 9967 8906 7539 6200 4818 1695 5748 2295 8229 7031 4596 2850 3815 3275 426 7604 6075 5919 8551 9890 2720 7263 899 4031 1354 8163 1873 493 3715 8578 526 6860 1198 4865 9360 5354
22 40 6675 5429 996 1404 8234 9829 3064 1000 2824 9869 1851 4927 9193 3491 4635 504 3503 7522 5357 4966 8009 936 6467 2813 3377 1894 4440 9288 9601 4628 5506 4641 5295 3653 328 2779 7041 7790 855 8609
23 42 6701 7378 9636 8901 1823 6102 595 6755 7368 5893 4087 4362 9933 1374 9508 4805 7715 7967 1148 6033 5365 3073 9997 384 4103 2285 1603 4186 1458 4473 7371 5940 3525 9332 7731 2770 6540 6353 1357 4594 7289 9553
24 38 6587 89 8696 7655 9674 524 9855 8126 4351 7223 3887 1157 4522 4469 5754 7840 1355 243 9184 5044 6046 6985 6278 542 2571 873 1473 8479 6766 6240 466 3242 5708 472 340 9685 7287 302
25 39 6639 7499 967 8922 8251 2324 7827 9420 2958 4196 9363 6899 87 5101 7534 8102 7543 5491 7024 4900 1368 9174 505 1555 3132 9409 131 5615 8224 3673 7738 2613 5614 6846 8806 8907 8261 909 9658
26 41 6698 5960 8814 8383 2477 4400 3276 8180 1211 4225 6321 2377 983 3882 8724 7784 2133 5807 4795 5594 4226 424 107 7694 7542 7708 7277 7629 2784 193 1345 5465 3164 5360 5942 2470 973 535 9216 4217 7699
27 42 6595 990 651 714 7974 636 1541 694 863 3320 8011 2561 7158 7127 670 2984 9248 7670 1183 4890 8911 3545 2077 6801 3886 8256 7991 2647 9626 4613 957 2678 886 5422 9718 1711 4110 9777 1153 8688 7393 5859
28 41 6647 1 6923 78 6797 6297 5696 1165 9466 4784 580 4573 4179 3830 1781 545 1319 8900 9183 567 5261 6891 3375 2367 7911 2578 2498 9345 5216 8670 9192 4146 772 1757 6835 8702 6439 5631 5851 496 9177
29 41 6586 6251 2449 597 7083 4033 5198 9689 7846 4515 1907 2244 3453 2690 5284 347 7679 3634 1073 3487 1830 4851 8049 3051 1818 8274 4032 9679 6947 7431 3298 8913 6138 8342 3927 3260 6948 1949 2355 9891 395
30 44 6571 1247 4876 7953 4602 9374 6294 5524 9792 7355 4909 4398 3727 4736 8477 1026 1828 3917 9954 4568 7262 3454 8424 5401 7225 3225 5114 3703 5407 9589 7109 3146 9055 8158 7842 9575 4611 5706 5310 4062 6759 2595 5785 782
31 39 6646 9175 3226 2476 933 7477 1608 4258 1629 787 9607 4402 8983 9646 4713 4026 4620 3124 4994 8742 527 292 6811 293 3111 9910 2076 4771 8726 3289 5803 3807 2157 6208 5526 1579 7695 4605 1674
32 42 6648 3701 940 2106 8218 9948 8817 5585 4075 8298 4060 5716 4928 982 4041 2303 9803 9759 1583 916 3273 3638 9793 5057 7943 244 8176 552 6214 5745 2996 16 745 427 6162 5977 3262 5782 4945 9465 7015 3078
33 42 6566 5737 2013 5186 5439 7411 6230 4785 1610 1729 7141 275 2985 418 7446 962 4130 4839 7886 7970 180 5886 377 8247 1664 7249 2315 8937 109 8999 9218 2863 3436 7261 5989 3076 4286 4708 1387 9511 7860 9012
34 41 6664 9542 5443 5455 9040 731 8560 8564 114 4672 1883 2979 8869 9107 993 6070 3880 774 3838 5333 5403 897 4953 2700 8028 3632 4669 4987 4781 9359 1825 5283 4393 2732 3552 2912 7700 3935 8265 4190 4047
35 42 6715 261 7323 6814 7479 8053 5418 8624 7146 8240 8792 9771 4479 7374 9622 2532 3395 9189 3187 6187 96 7742 4667 8003 5337 8270 4235 399 1075 686 8511 7149 2222 7213 2052 221 8861 3991 9942 895 2170 5761
36 40 6657 447 4821 4376 8521 1312 4370 2024 5961 2923 7873 5945 3221 869 5925 6777 1375 8541 8215 2240 3681 443 1038 637 8161 4577 9894 539 8167 15 166 1466 6736 8323 2902 9519 6281 4076 3312 7730
37 42 6708 4733 5941 9338 1591 9269 284 6234 4514 6119 4972 1081 1621 9593 4934 923 9582 7010 2702 130 2790 2849 525 9879 681 9018 1225 3818 4859 6807 8565 3873 7931 6458 6038 4442 1339 3722 9379 5028 7063 1915
38 38 6689 9155 6108 906 6530 9035 6010 7954 4005 3522 314 8832 120 1337 2175 1372 3131 8456 3741 5741 4970 5515 6411 2970 3 9606 8489 1905 6950 1831 9805 9599 6509 9160 2591 8201 5009 7595
39 41 6650 7270 7354 3214 2416 7747 6473 9690 9957 246 4175 1035 3618 3231 330 3194 4948 9497 3130 9926 5230 9541 2161 7530 6333 999 5950 4512 5990 2916 8211 3702 7347 65 3015 408 290 4551 3103 2685 9868
40 43 6663 6751 6742 9686 9366 4007 3442 6260 4457 6993 3573 4775 2402 9704 9987 3469 4575 4059 9044 6563 8605 8507 3332 1315 4924 2649 4058 3162 9726 997 926 8570 5644 8297 5307 4645 2228 9586 667 4374 6175 8888 5089
41 40 6570 6731 2760 1521 3664 8773 4816 2741 7197 4220 3464 7668 4993 1013 8498 1567 1461 8205 7785 6392 1413 2074 2504 3017 3672 5370 654 5142 6622 3243 5868 3548 5523 4956 1054 5175 4861 5049 3120 414
42 39 6592 20 9706 2750 6277 6058 7513 583 9727 7093 6316 4396 2829 132 8520 2019 7660 1396 5486 824 5600 6051 3924 2241 7498 1214 7816 5156 6346 4455 8493 9430 8075 7013 2179 7451 4465 438 1489
43 41 6600 6719 702 5833 9064 7775 8429 6057 2297 1245 9068 5376 5574 1017 2709 3774 1960 7000 8233 4668 7154 7239 4913 6296 1810 3968 8588 7972 3649 1829 1111 847 9661 8123 6471 697 394 6934 6525 4983 2786
44 39 6692 9099 9050 4271 7165 9996 4332 2987 7523 7338 9393 82 2073 5496 5655 2491 354 3834 101 795 9614 4151 2771 2198 9279 2178 7401 4850 1609 4520 7553 8026 1476 1033 5405 3234 4828 8577 2502
45 40 6674 6398 134 7329 3094 1635 1738 8829 1379 8798 3028 6090 108 3743 6743 9547 4906 4980 7815 8287 6293 8545 981 6453 7447 206 7902 7649 249 4995 276 2252 5038 1945 2409 1811 3202 8867 6729 5367
46 40 6585 9479 2006 3849 3025 6931 434 9837 5078 165 1393 9121 2018 6183 6092 8162 3904 6426 6462 3119 2544 503 9717 3488 6880 7487 6167 47 8433 5493 4155 2468 1072 4877 9326 1262 9526 7304 9609 5059
47 40 6581 2836 6545 338 4172 7203 7014 3451 8288 4262 8925 7366 98 6898 1934 5104 585 7509 6142 3677 7766 9213 7580 4253 5918 5335 9111 6286 2904 3003 5824 6747 7396 3417 6556 9532 8134 2489 1726 3263
48 38 6702 335 8884 9724 6186 9134 423 8617 5753 9253 311 9403 9204 1940 3794 3440 9005 6883 9585 2213 6793 6375 5698 7020 9141 8676 1434 8941 7713 6432 4274 3657 9251 6169 3611 7781 9941 1501
49 39 6716 7896 9186 7269 4381 8079 2817 1606 7677 9365 9741 2580 7238 610 2277 1600 2071 3599 8505 9257 8697 70 2892 4210 3855 5979 7634 7609 3504 568 2670 154 5048 8743 6134 5511 2509 5475 8013
50 39 6628 155 6109 5438 9835 6551 3437 5633 5000 5621 6485 720 2265 7458 2028 4964 9203 3309 41 4505 5353 7305 1209 2705 9017 3836 5126 2730 1463 3755 4529 907 7836 8059 5236 2611 2374 7672 4973
51 42 6588 6402 5850 1147 1318 7068 3872 437 6470 7952 1291 4094 2940 1707 4937 6039 6261 5352 4627 1993 9493 7576 2632 5247 879 4159 436 829 9329 7569 6920 9058 9139 2896 5789 4788 1134 2466 4704 9468 5712 3030
52 38 6624 6385 3744 635 5265 3797 7763 2707 1077 4531 2417 7862 563 435 9828 5959 303 1681 5986 1156 7732 8532 7937 1731 534 5233 253 4203 2634 367 4327 247 61 6166 30 4879 368 1272
53 43 6711 175 2411 1137 2865 1381 8590 5203 7405 8100 8077 7606 7308 4657 2454 2014 640 9173 9867 3050 6298 5227 6722 9464 2123 2274 1483 9071 7220 9821 7716 5773 5206 7855 9470 4357 3842 8187 4388 9258 6043 4138 8337
54 41 6714 2011 67 5497 7778 1279 299 6064 4766 6994 4610 1809 1412 5246 5739 3765 7592 185 3334 3075 6726 5377 6450 3155 6974 1967 5765 587 5617 9301 5933 8169 5738 1968 544 905 7961 9789 835 3555 961
55 38 6696 346 6081 8106 743 1982 167 1953 2683 1574 5826 6055 1685 5066 3394 8802 6040 2542 7389 2084 2225 9983 4170 7752 2099 7737 1668 656 4460 9786 4289 5852 1403 3698 7697 1658 3232 1402
56 38 6599 9550 53 9502 1199 5483 1418 2359 8372 2453 9740 8833 4339 2585 1516 2090 1065 727 4424 233 1027 9682 7906 9083 8259 7110 4986 706 9463 625 7764 2708 6464 1547 9760 5973 9108 5627
57 42 6645 240 5071 9460 4466 3404 8394 2974 5065 9452 3748 6796 259 1180 9788 1834 8335 5046 800 979 5538 912 9019 4273 826 6900 5092 8719 6324 4921 5477 8769 9153 3134 7913 9052 401 7189 8115 8228 1423 1176
58 40 6682 7254 8584 2492 8573 2636 3041 2535 9165 8779 8061 7452 9135 3643 9291 6295 7298 3067 1059 5087 5344 8528 6845 4135 3069 1877 5125 4267 5192 8952 5158 2951 9768 7996 8445 410 5588 9237 1747 9920
59 43 6680 3062 336 2969 3895 1421 4931 9205 9969 1170 2925 3688 7909 5968 1006 1798 1042 548 6826 5820 3758 9504 4419 248 357 6235 8269 7135 9167 892 4547 1028 1019 9429 5668 9712 6245 8863 8462 860 4445 5052 3708
60 40 6661 8767 8366 4509 3871 5591 9780 3415 1662 419 2345 9281 9494 1304 9743 2185 4270 8329 467 5123 5426 7025 1228 9448 9008 3787 9036 4768 3859 2727 5729 6977 8374 179 3141 4711 8924 3128 1239 8708
61 40 6679 1227 5609 755 3386 3407 116 6117 4342 2554 4935 4014 9208 277 3534 8196 4198 9117 49 6857 2086 747 3045 4335 1876 5688 3284 7142 4202 8710 1311 4079 452 7195 2029 7372 6386 8810 9140 1764
62 44 6666 6409 1533 8805 1030 2478 7030 3228 9921 3742 2048 5470 2576 8146 421 7706 5136 1705 7360 3546 6465 6031 1784 3850 2773 8943 2955 9182 1980 4825 6196 8864 4390 9713 7444 6459 2001 2249 2805 6126 3691 7751 7085 5564
63 41 6578 6789 7235 2333 6311 3224 5346 2757 5580 7130 945 572 3562 592 4126 2405 4034 2007 1916 7771 339 3261 2762 775 5665 5936 6515 3060 8024 5994 588 4254 2822 3684 7039 3589 1989 934 6431 7086 141
64 38 6710 6865 7210 6264 874 2456 2150 9380 5256 2431 8121 9670 7453 2688 5620 7379 8529 7755 683 8029 4063 6461 266 8991 5970 5944 6888 8014 7929 9647 4871 201 8220 9070 1841 9214 8611 1514
65 40 6589 630 5472 798 4276 2242 9001 8460 6897 5444 5599 8230 7278 8731 4698 6790 4692 3196 9973 2082 4307 1703 3500 210 699 4205 8620 6909 1576 3421 8972 6164 2998 9102 267 3317 794 8960 444 5589
66 41 6573 1546 5207 6121 7258 8096 5681 7100 1981 2717 6761 8955 8133 2643 1284 2035 3686 6548 779 8174 2725 9441 2787 3336 1015 2008 2626 8721 8616 6352 2435 6025 9373 4608 8626 2764 4842 7566 931 4133 3785
67 38 6691 6893 1954 4963 5193 1495 6124 6406 8488 7936 1290 5231 5728 7419 4811 7979 8830 5326 8276 3052 3721 143 6016 3506 6168 8526 1474 4883 3346 1411 11 9936 64 5109 7133 1653 6105 7584
68 42 6568 6498 9435 6071 2639 6438 5598 4372 2870 5003 8687 2104 7291 8559 5772 1158 4301 6012 91 3203 6727 5330 9995 7181 5215 2362 7796 1070 7611 9520 1919 7780 7922 6369 9873 6817 9306 4382 431 970 2789 2227
69 41 6705 663 3355 2290 8324 3848 819 4996 1590 9386 4213 6300 8249 9324 3891 6009 5572 1441 7066 269 4831 366 3364 1639 8360 44 8604 4758 6099 5679 5549 1927 8949 4361 7215 921 7200 6098 1166 9233 2045
70 41 6634 9199 6383 3778 3869 6390 1109 8317 3098 7924 4603 7409 8340 4489 2959 4891 8362 199 8500 5467 9864 3565 783 3884 4269 8092 821 2404 1043 5402 4709 3152 3227 3975 73 5570 9903 2848 9432 3223 4639
71 42 6706 6365 1114 8909 1360 3139 2272 6143 7507 3718 3793 3183 2712 4812 8041 3403 3749 1943 8803 470 7586 4951 3176 9998 5629 7212 4638 8934 4761 342 7646 9693 9342 5995 3167 2963 7252 7340 891 4433 8032 3151
72 42 6709 6378 3021 6847 6436 8674 6896 2253 4476 3031 8254 8363 5684 9400 6454 8666 521 9818 7185 2957 4862 1366 3687 390 3828 9852 5428 1511 3246 7879 9758 4574 1063 6884 2691 1924 601 5297 8733 2886 7138 6665
73 41 6690 4872 696 6492 7224 2718 2761 2933 8419 5103 4298 8042 7538 9407 1601 581 2919 7597 1193 3251 3091 698 4209 7388 6060 356 7614 3530 6213 7236 9577 6067 7121 2354 1700 8405 7756 8503 7205 4863 2623
74 40 0 232 359 1460 6233 2280 9856 624 2659 8343 1125 7844 4681 5296 7078 2845 8914 9517 6181 9798 3908 9194 3959 4637 8940 8828 1661 6858 9476 3426 1773 736 4511 4689 6339 8253 5733 609 5164 407
75 41 6659 227 4375 449 3210 3726 9453 2638 2947 5568 2089 2652 5992 4895 8958 1743 9451 9201 9128 8897 6393 4564 5442 5162 363 7116 4216 678 3511 9246 1723 5883 5876 6784 9414 4123 1733 8039 3102 7557 181
76 38 6636 852 1091 5440 1794 3821 9106 8386 1342 5757 570 8845 3012 4820 9716 2461 2556 3720 1500 1105 1222 5064 4009 661 358 2517 3201 2433 321 8002 4905 6457 4391 2866 5999 5946 9509 1986
77 39 6651 631 2586 5244 7297 7830 3729 8579 2022 7617 8293 9051 2140 8331 4176 3856 9285 2857 764 9381 8408 413 1326 5106 9095 1898 4326 2879 7346 709 3213 370 9030 6096 7793 1987 9557 7018 7495
78 42 6652 6813 1399 2911 5650 740 9094 9274 3384 3099 1022 2111 9725 1972 3248 8542 9097 4115 9454 7383 4456 5643 5069 5305 1177 2990 7204 5329 8027 5451 1269 2978 316 3127 6830 3817 7009 930 9472 2484 1848 8182
79 40 6700 6371 1010 5798 7624 2777 4495 6494 8671 8425 7727 8544 915 7046 537 4799 1139 1964 2307 725 3985 8962 959 6401 4919 4559 5781 6188 6073 7162 1536 5581 422 8847 1347 147 7462 5605 536 5827
80 41 6642 85 4631 4622 7600 1515 854 4755 360 7554 3264 9033 4212 3757 6478 4403 6787 5920 2343 9600 1508 2231 2676 3912 6610 7574 9581 8222 2557 4318 8886 9061 6733 2214 3918 5194 2284 4776 3760 417 1237
