0 5 7468 6296 7682 7933 5903
1 7 8227 6523 8112 7745 7150 2467 1922
2 7 7227 8034 6009 8737 4270 6161 2359
3 8 2418 4029 4139 1441 3165 8038 4068 2370
4 8 8890 9064 8951 7746 5603 9054 1679 3070
5 7 7716 9464 6101 2377 5910 5608 4734
6 7 2176 5012 908 7169 2121 2234 1464
7 7 9121 9002 4615 1443 6460 6562 9513
8 8 8670 8796 6652 7425 3785 4775 7167 6389
9 7 1135 1634 1474 4744 8062 8664 4301
10 8 2384 5627 9538 2160 1109 1779 5481 6157
11 8 3647 7337 3802 1182 8782 4853 7267 3592
12 9 7013 1601 7840 9889 7118 9641 6178 9694 1688
13 8 3321 4028 5135 4326 3247 4433 3498 7341
14 8 3654 4377 5433 952 7466 4302 9724 5768
15 8 6321 5303 7190 7916 3434 508 6915 1428
16 8 8773 4629 6272 1968 4089 9238 4832 1911
17 9 8965 6058 7232 3215 5374 5899 4147 7222 8963
18 10 6039 9944 1272 3051 9842 993 8164 7817 1639 8793
19 8 4829 9297 7442 9819 4344 6832 3157 3372
20 8 3708 2112 8133 3338 81 3657 6925 7926
21 8 563 1326 6729 4639 2386 6902 7176 310
22 8 3578 780 6966 595 9731 1872 9226 7490
23 9 6252 3083 6771 1365 5701 3867 3499 3476 6775
24 8 719 6409 7152 708 9156 4397 3211 4772
25 6 1178 8536 6498 7110 897 2829
26 7 4679 975 7934 7994 8094 6081 1376
27 7 3696 4482 7492 4607 7113 3843 6238
28 9 9550 7580 5620 5495 8665 9836 2054 9859 2104
29 6 8184 4011 9833 5792 4767 9474
30 9 8578 1655 1201 5267 7730 9151 1299 9687 3269
31 9 1563 9286 3116 531 2930 9962 6297 8159 4690
32 8 5649 3073 3783 8609 1613 9249 5959 5268
33 10 6912 5757 2036 6601 2613 8860 4347 4159 6987 8126
34 9 6031 6836 6984 5228 8973 1721 9652 3997 9038
35 9 7109 4349 2967 4652 5913 5844 6677 8928 6203
36 9 6403 2783 1460 6119 2209 8560 4031 7366 1871
37 9 311 318 4833 7882 1181 9357 4871 9074 3845
38 7 1105 6942 9512 3818 4070 550 9968
39 7 7913 5516 1873 3663 8523 9763 7940
40 9 2015 2649 6903 1884 5815 9963 5684 4314 8627
41 10 4644 4673 7312 4245 8367 2979 6331 3314 1188 698
42 9 8758 8198 2031 5187 767 3793 249 8843 7647
43 8 7862 5535 6021 982 7692 8719 342 6722
44 10 9913 9805 3199 9419 1215 5457 6579 2174 9324 7823
45 9 9449 1054 290 8187 5366 1160 2680 2548 6059
46 10 8878 5027 3108 2635 2999 7448 4872 6098 5074 5380
47 10 4948 4080 9320 5593 9202 7344 2108 8801 2179 5670
48 10 1194 3430 5955 4656 2653 91 1700 2921 402 5373
49 10 768 442 5686 7628 942 64 4699 4353 1709 1800
50 9 1269 874 1260 1684 5371 8800 1433 538 6519
51 9 2944 2975 4109 5719 7464 3258 7592 6301 779
52 10 5245 2230 2399 4405 5069 9263 8981 523 8339 4221
53 11 1776 9306 9869 7737 9712 2696 9265 3465 7498 2910 9607
54 7 549 6377 2651 9647 8485 8401 5201
55 11 6913 3424 9636 8653 4372 3468 1725 8014 544 8446 2758
56 9 8102 8979 364 9497 3393 6197 1831 5901 2737
57 7 3693 8967 5660 5405 2525 4293 6898
58 7 1040 5698 4863 9504 1710 9303 3761
59 10 3580 3067 8382 9804 671 6871 7216 5764 5700 8326
60 9 4435 6155 5777 8772 415 1169 4195 2875 3752
61 10 8950 9503 7102 2442 8615 8938 7445 6333 2622 1255
62 10 6541 1697 7602 8747 5422 1565 9928 8407 1791 1448
63 9 7119 1251 5507 4558 9477 2551 2355 2966 1855
64 10 3030 2915 7373 7683 2799 2217 2240 2809 1393 2439
65 10 4058 5572 4875 1111 7785 7811 9284 1051 8871 1012
66 10 6607 9495 4228 1503 4171 9458 659 8288 2557 2933
67 8 7088 8323 3557 4376 4411 2867 987 1461
68 10 4214 7585 3263 4666 1046 871 8990 3909 6566 9790
69 10 1560 4352 1580 2181 5375 2480 3146 5709 8511 5305
70 11 9563 5710 3830 6316 3789 9242 6784 1644 9077 7334 6883
71 11 7929 1689 4720 9524 6141 9684 294 7873 9720 8502 6201
72 11 7957 5990 1524 7097 5799 4930 3952 1220 3905 9433 7006
73 10 3008 3176 7876 164 2741 1146 7081 7415 275 93
74 10 8189 2426 41 9289 9100 6346 3524 4828 1532 959
75 11 5343 9851 5771 8464 5156 6638 896 6716 8956 9482 2645
76 9 7561 513 8803 769 751 6274 6163 799 2835
77 10 474 2143 1904 2639 7209 8597 4300 377 8023 9299
78 8 8520 5721 8448 7686 2771 8909 9346 8814
79 10 8204 3976 5285 2992 330 5287 6172 4623 7924 2769
80 10 5717 9412 6711 7172 9180 4366 6593 2972 1203 4125
81 8 4475 8073 47 476 1476 4532 5534 4087
82 8 1978 1778 2663 9068 7808 4989 929 4566
83 8 3055 6851 4507 842 9130 2591 536 4329
84 7 7952 9459 2207 3364 459 3230 1424
85 10 3655 6068 9631 6563 8795 1746 6737 8645 8312 3570
86 11 6724 5424 5466 6473 2686 8259 2665 1110 352 8746 1199
87 11 6965 6735 6265 9634 9042 5866 6279 883 1271 2874 2042
88 11 622 4648 3490 665 761 6026 8190 4552 1004 6319 8911
89 7 7711 9733 4233 7557 1102 5982 2796
90 8 6794 499 3414 552 7642 4213 2412 2037
91 10 8029 7553 7379 7884 881 2126 7066 4907 9106 5208
92 8 2589 2422 7574 7787 7444 8827 6416 21
93 11 568 6304 9696 677 9751 2732 4256 7769 1716 7998 9155
94 10 9313 9128 2495 5182 2041 5344 643 636 5630 3963
95 8 2735 190 9316 135 849 7284 1785 8063
96 10 1992 7428 565 6425 7710 3958 4792 2095 5567 6515
97 11 4078 2963 5214 4826 2470 4880 1509 876 5967 1561 196
98 8 5693 1530 8915 9954 7697 8316 463 7806
99 8 2695 6786 9633 5240 3539 6904 1470 9826
100 10 3371 7082 8351 4202 4806 7684 3974 7474 4104 3121
101 10 5868 1674 1223 9613 3112 5169 5087 6757 1348 2534
102 11 9084 4959 5541 5602 1693 7901 2011 886 6067 819 9508
103 11 5222 7463 1177 8856 8530 66 4798 8257 9729 2040 4654
104 8 268 864 7430 596 9457 9392 4838 9838
105 10 5934 1024 5017 3915 6985 9737 2810 3754 4282 4394
106 9 6381 5487 2566 977 3047 7411 8245 6746 6190
107 11 8086 3170 2782 4003 4024 2919 369 7532 163 2402 5559
108 11 1209 3640 7248 2305 1900 2033 4099 5679 6727 9192 912
109 11 6694 1090 825 9757 8484 2900 9742 4355 1297 2766 2607
110 10 4494 7117 7666 3740 6078 6589 4971 5021 6921 7164
111 10 4877 4455 9602 2167 9341 9546 5914 2568 1981 3443
112 12 3090 6135 6756 6922 1491 6886 8555 930 3646 6999 808 5909
113 9 8342 5332 4957 1324 9466 74 3469 7654 6866
114 11 8292 945 9813 5626 5779 6705 3169 8694 2842 6106 6839
115 9 4379 3024 428 1755 161 7282 9133 2156 1159
116 11 8564 8435 5636 4088 6538 9617 1738 8631 7830 8148 7689
117 10 8509 7451 6410 6475 9065 8882 3227 7984 9611 3031
118 10 4687 2791 6689 6360 9483 1436 2477 9089 4111 3846
119 11 4788 4200 5025 2056 5678 7245 9062 1101 2407 5878 1774
120 10 734 271 3866 5888 8768 92 6597 425 6386 9001
121 9 7657 5510 6765 950 3398 2404 843 7453 3127
122 9 6160 1635 1208 6512 1250 1168 979 7145 2938
123 11 2247 8774 3512 9795 2180 3778 8272 715 6909 4921 8807
124 10 6662 5393 1588 6029 7579 9710 6422 2288 8193 7809
125 8 2774 3202 5628 7941 6344 2958 9420 1840
126 9 3527 7346 8940 5601 6570 7761 9817 272 7967
127 10 1273 2788 8040 1550 5205 4595 3530 3429 3874 6211
128 10 957 4537 128 1186 2059 9276 4497 3896 5123 9379
129 9 1866 2523 5818 1963 8059 4063 1942 8373 8901
130 8 6412 8426 1200 9654 4493 9127 8303 2901
131 10 5161 1625 9078 7874 3542 2751 2395 1896 9319 5094
132 11 6228 1013 9543 7085 3119 7548 6956 5809 5619 130 8598
133 10 4586 4084 9382 9743 9410 9645 5193 1912 865 6451
134 8 6424 6952 3991 8088 2045 3798 7508 1924
135 10 4758 2123 5282 98 8194 4593 8101 9516 3859 9141
136 11 8840 892 5377 7567 1175 241 9035 8220 138 3210 612
137 8 7229 8715 1640 8192 9975 6367 6041 8799
138 11 375 8277 9744 2235 607 8151 4274 1259 5907 1748 5039
139 10 4150 1852 5060 2497 3325 1239 9655 1309 7931 7389
140 11 9901 3138 6245 8521 1667 422 4636 2220 4866 9208 9908
141 10 7911 9768 6003 9562 4481 6967 4696 6243 1692 6104
142 10 3442 3329 8254 2825 1762 9394 8542 716 3271 9998
143 11 6633 1593 206 3605 2250 376 921 379 193 8494 8534
144 8 1867 4882 9255 3193 9273 4006 5256 3079
145 10 6198 8713 1527 2382 4665 3232 6698 1660 516 7383
146 9 9216 627 4794 9105 7936 403 40 4559 4539
147 10 6822 1874 8991 4297 8188 380 3609 6268 9789 9157
148 10 1879 2335 435 7380 2654 9539 4278 6930 9823 1715
149 7 7399 8447 9927 4756 8028 4802 3285
150 10 2061 1372 368 6575 8118 5100 2515 2206 2272 953
151 10 2324 7471 3017 6742 2140 7759 6484 9912 9992 8134
152 8 6901 5746 8207 6856 4887 9623 4456 4701
153 10 1005 2436 3603 9951 354 9972 674 847 8857 582
154 11 297 1100 2904 739 5351 5036 704 4327 5632 1193 5301
155 9 6529 7180 481 2896 4205 709 9222 5782 3075
156 10 303 1973 6000 9118 2831 39 9272 9526 5394 6684
157 11 6670 8739 3068 9353 5503 8037 2187 3373 4677 8099 6963
158 6 7799 2736 8306 1531 7900 4499
159 11 7956 3572 8157 5892 2000 9923 7595 244 7271 3278 7142
160 8 2008 6658 5983 2745 1859 485 5105 6769
161 7 3629 902 8835 2573 8809 833 7987
162 10 580 7677 7446 4602 572 1152 374 4969 6056 7120
163 10 1515 4618 3779 1997 984 3124 6013 3155 9441 7898
164 11 1757 4511 7249 3114 2997 9262 252 7907 3895 1198 1907
165 11 9675 3148 2455 2518 5917 3636 8806 9132 1391 8237 4343
166 10 8179 2293 4836 9625 7636 1511 4227 4638 4689 8097
167 10 8731 6924 5954 3566 32 4017 1098 4491 8952 9987
168 10 1138 3384 5425 6645 8368 5724 2173 7234 3799 4675
169 9 3167 2928 3381 3194 3098 2260 9741 7392 2621
170 11 9619 5744 5295 2245 7246 6133 4384 2558 1197 1392 9734
171 11 4309 9347 1869 9575 4658 1557 1331 578 7207 6751 3135
172 8 9847 8699 7355 7847 8412 4441 9082 6699
173 10 3253 9087 3786 6413 3420 1529 9440 5770 2086 1061
174 10 7070 7230 5887 846 378 7535 5861 1048 8026 2931
175 10 9581 2166 8434 1729 5453 9429 5400 8610 1096 2229
176 11 4071 400 3462 3938 8042 1294 3326 3623 8505 7488 4472
177 11 3333 8459 4848 802 3906 6809 2954 5452 7339 9328 7525
178 10 8395 1528 3601 2717 6584 7019 353 6156 2191 8551
179 10 7318 567 3865 9705 2333 1902 4034 7275 9268 4856
180 8 3471 8566 6420 9620 6402 3181 872 202
181 8 8329 2520 1564 1399 8493 1179 3811 2804
182 8 9140 3891 212 3936 9075 7562 3790 319
183 9 445 7575 922 8030 9481 5031 2043 2248 3924
184 9 8962 9191 7255 6842 9171 7912 1985 23 1656
185 10 3245 9920 8588 3966 211 1189 7812 7361 1539 9230
186 10 3168 8262 9806 4016 6173 7162 9195 2969 2760 484
187 11 4842 4885 6192 8637 3807 9033 6893 254 4117 4722 6806
188 8 4066 5213 9274 4048 4544 8761 7457 9377
189 11 5018 789 6202 2132 6034 1079 4664 2290 3421 5725 1844
190 10 187 2942 6951 951 2323 4021 2640 7778 4062 4470
191 10 7709 5875 482 4250 4065 9159 8486 9844 7793 7866
192 8 2869 1192 4854 6639 444 5009 1799 7949
193 9 8271 3849 718 2982 9537 1745 388 5933 2281
194 12 2327 2714 4184 5948 782 9949 6313 3062 821 4498 3673 6181
195 10 3692 328 3426 7572 6710 6270 9232 5033 7080 9143
196 9 8728 2006 2718 9475 1862 8686 9073 3450 501
197 9 5971 7889 3291 5662 2852 8378 1521 2164 3496
198 9 2917 8104 1313 5996 4733 1676 4588 6437 3556
199 11 5970 5387 3910 3200 1685 2781 1311 4858 5219 8691 2373
200 8 2986 7704 2657 2681 3537 169 4027 4628
201 10 1833 5500 9890 6474 4318 9134 105 5835 408 9659
202 8 3281 1651 7465 3058 6547 1023 4784 384
203 10 6044 9595 3541 5212 7698 4007 5952 1412 7691 9160
204 11 1735 9974 4164 4285 6454 7203 2394 6188 1589 4561 7231
205 9 5324 5991 7208 3435 2406 3203 3305 2907 8450
206 9 1794 2742 5562 3054 292 7643 7048 8864 4642
207 11 9046 5860 6804 2440 3453 3477 3205 6491 6907 30 4167
208 7 3607 9452 1959 6818 8546 9044 9810
209 11 2507 7499 457 2338 1647 9678 1553 454 4924 5302 3216
210 11 8587 5727 2711 839 4141 657 9858 8667 121 8620 7065
211 10 700 8449 3334 1792 475 7342 4130 542 9882 6253
212 9 6961 5743 9845 8614 8854 6618 7187 1947 8550
213 10 6456 7319 655 3680 4704 9165 189 2122 2893 8826
214 11 7064 6150 4502 1777 6357 348 3532 1620 1117 5372 9574
215 11 2883 8376 6669 8419 9527 4605 2675 9496 2393 2468 5486
216 8 6269 9544 1221 9799 6457 5091 8229 1612
217 7 713 315 1970 2856 3502 6762 6544
218 10 6663 7188 5189 9252 8379 9809 1257 1417 1598 9800
219 10 6831 7357 5307 3666 3840 4913 9952 8798 2846 3757
220 11 6654 7287 8548 7086 7323 1913 9158 2075 7143 3751 133
221 11 6466 3276 4112 9926 507 6023 3315 5702 6218 1638 9219
222 11 8640 8629 6125 3196 2077 4555 4958 1943 2547 4019 5155
223 10 1414 2641 7927 6012 9511 6076 6407 949 5099 1431
224 9 8477 699 9685 4686 4520 2673 2388 3507 893
225 11 1993 9406 6159 6255 35 5674 46 4724 118 8244 4667
226 10 489 7687 7546 9947 152 6048 772 2866 2366 5519
227 11 2296 4742 277 2425 3026 3493 5241 7456 5001 4634 3007
228 11 3549 4008 8832 4064 5511 4645 6213 1523 8266 3584 5040
229 12 1724 8932 661 9144 6634 8995 1352 1846 969 9837 5386 3547
230 10 29 7398 8573 4830 9738 6380 9964 2270 4937 4824
231 11 1664 6752 9385 2261 8831 4643 2368 1458 9849 5329 6619
232 11 9670 5112 209 9104 4587 1587 5170 2543 7915 7872 947
233 11 5598 4223 2780 119 8575 6480 177 3685 7573 1960 9934
234 9 5381 9052 2401 57 6338 6643 1143 5879 4406
235 11 7455 8557 332 1489 4101 7092 2076 6283 9031 6885 6223
236 11 4637 5654 9830 4613 5428 8876 5426 4776 5076 8416 6036
237 11 2465 7114 1066 5699 9450 4585 7256 3839 5995 2048 9322
238 10 3457 9691 8784 935 895 4749 3970 6094 1016 5062
239 11 3307 8586 8902 3459 7883 992 7171 649 7078 2052 624
240 9 3049 8158 4761 9735 381 7041 1246 3710 6548
241 11 5402 3540 8440 3585 9182 8353 3439 106 2898 5708 9221
242 10 5192 6877 4717 8504 2044 9101 7829 3851 1934 8721
243 10 9979 554 6168 3066 9657 856 2817 3770 4965 7075
244 11 1888 4437 5748 5816 6398 7253 5853 7309 7515 9370 9644
245 10 7401 8290 5090 2424 3370 2105 6062 2035 1930 9592
246 10 2941 7156 6208 1 8785 1256 461 8953 2057 3308
247 11 2519 1492 2539 2626 2009 7732 6082 2702 2023 3509 852
248 9 2316 696 8786 7243 9579 5838 382 1790 6793
249 10 1315 2026 4980 511 8035 2802 7693 4895 4773 4317
250 10 4495 3951 493 5347 4035 225 1422 7971 365 8819
251 11 6418 2920 5089 1240 7382 6647 826 7805 3505 857 2498
252 11 9752 2538 8224 3022 9610 1369 178 934 1008 6120 2670
253 10 3988 8302 4867 7226 3038 4123 7729 6882 2025 395
254 9 3555 477 2074 4869 656 2857 8243 9566 2541
255 11 113 19 8370 601 2934 6336 2753 3648 7516 8815 4358
256 10 9820 6740 7638 3632 7174 6024 7068 2415 3466 7712
257 10 7186 1512 5554 5957 8146 8403 5437 7503 2397 9000
258 11 8787 4706 1363 3921 9401 9375 9177 3981 6248 4564 5176
259 10 4536 5218 1142 6128 4396 8155 6719 9812 4249 2977
260 8 9291 2079 8462 9485 3319 2660 8033 4072
261 9 9283 4208 9874 1508 1835 7010 2115 5941 5134
262 11 9976 7210 3129 417 9190 529 494 9028 5465 9167 6235
263 11 4090 4170 7372 4973 8421 853 3418 3675 8820 8072 4266
264 10 117 7891 1276 5566 9135 3102 2128 8296 1875 9056
265 9 6649 3990 9012 3875 7434 1381 286 1104 9298
266 10 1447 3208 1002 1430 7479 8804 5014 9639 4209 8293
267 9 9679 2297 3885 6438 6399 2343 1429 1568 9287
268 10 9325 2106 1267 4782 8085 7096 3904 5514 8662 10
269 9 3855 3239 5480 2434 775 7679 9950 6838 9754
270 10 5300 9137 6200 7277 6648 8176 5045 584 3044 9362
271 11 9187 658 5517 1518 2570 7685 6251 5847 9264 8659 8007
272 10 3743 6884 6450 8338 5497 7386 7816 8984 3986 6641
273 11 5440 4346 3368 6220 1977 2482 7043 514 3694 5569 880
274 10 5885 7846 4299 1723 8219 9576 2360 2072 137 4453
275 9 8420 1438 873 9492 9037 7263 8585 5221 6114
276 9 1335 5769 3510 3614 1453 2790 6865 1584 2034
277 6 5341 9864 2216 6615 1319 5441
278 9 5445 4260 7975 3816 9871 6261 3760 1979 3561
279 10 61 7512 9030 6567 3433 6280 7762 9553 3765 320
280 11 2135 5034 9011 854 4409 7665 6805 3622 1282 3173 5163
281 11 1097 3575 4630 2537 5650 3190 7315 8869 2565 7045 2444
282 8 7429 2838 3317 9549 8110 7477 5553 6391
283 10 4098 4781 9207 4153 4094 1245 3940 560 3930 4796
284 12 4839 6404 4935 3411 6329 3616 4541 1494 9027 4244 5211 2909
285 9 9003 7129 4624 9349 6089 4119 7604 4449 586
286 10 6263 8209 8328 69 3583 1355 2661 7274 4113 9229
287 11 7810 1384 7768 933 1106 8742 990 3901 2374 5289 1695
288 10 2828 8021 8309 5711 2600 2776 6744 8987 7749 5527
289 11 1815 8559 200 4807 506 6305 5695 3531 9388 8051 65
290 10 920 4428 7314 439 2731 4986 159 8996 9980 7754
291 10 8703 2899 9559 3050 1797 559 9381 6476 8413 8111
292 11 6502 3257 3947 6069 4137 3721 8116 5803 5070 52 6443
293 10 5235 3311 8574 615 5113 823 3513 2884 4528 7627
294 11 6807 1734 3403 3554 497 4485 5557 3829 5323 9584 9015
295 9 2912 5858 1830 8681 2927 907 4415 3086 2125
296 8 3667 726 6536 3795 2787 2464 1817 7659
297 10 4525 3147 7554 5107 2473 5238 2314 9438 7381 7296
298 11 3149 9852 3821 6493 8630 3732 5622 4045 3621 1176 4685
299 11 2949 6747 4421 1984 9116 2119 9570 6587 2906 2246 4085
300 7 7293 3564 7804 6196 7777 8300 7613
301 11 84 3104 168 4410 5291 8671 9234 1455 4046 7422 2241
302 10 7928 9246 6327 6392 2060 6247 7513 9896 355 6642
303 11 1543 2512 5369 2881 3565 1910 2171 4617 9632 938 4550
304 8 6277 3596 6307 306 1768 5824 8444 6591
305 10 7877 5237 1630 6430 5656 1232 5576 1302 9701 350
306 10 2720 1406 4255 5621 1496 9364 3099 7569 76 5306
307 10 7640 8848 7637 9628 3220 8298 8595 458 8895 412
308 10 1883 3005 8274 9680 9681 6537 2362 2110 7843 8788
309 11 9514 7475 4575 8410 830 6293 3345 3261 4206 5101 6571
310 11 3697 8055 9282 4404 1627 660 1631 5382 7370 9667 8481
311 10 1332 6199 5006 95 6356 4786 6066 8851 3862 8491
312 12 610 7612 6875 9586 4115 7663 5837 546 7301 1752 280 2882
313 8 9409 3358 3972 3775 5962 6932 7609 3474
314 10 9707 2603 608 4246 5477 8989 7856 4331 8968 2309
315 8 6815 9473 3092 210 6526 1686 6989 2053
316 11 5299 4414 6164 5663 6115 6182 4503 4819 509 1603 2
317 9 3025 3758 6879 5584 3759 2275 5915 8103 7194
318 9 3546 3651 2642 7690 6927 7239 5008 2184 1389
319 12 585 7864 8892 4207 2352 208 8695 6237 7903 4114 2141 3992
320 9 9411 5491 166 7000 7211 85 3122 8687 2346
321 10 9166 5227 7779 313 1537 2505 4834 8638 7414 8017
322 8 2571 3826 3188 8348 4450 3729 3425 8918
323 10 3869 7104 5540 4705 8173 3784 1081 2107 2264 576
324 10 9523 4546 730 4657 2937 7191 6630 7794 8562 8064
325 10 24 2357 2198 1843 8079 8937 1346 6657 230 5250
326 10 2356 8792 989 8682 8529 5713 4879 7724 777 6821
327 11 219 5358 150 4703 4291 1465 141 6946 3228 2630 6306
328 8 7849 8458 4194 4225 2916 1845 1880 8988
329 12 7140 3197 9666 9045 640 832 3117 1583 4328 3394 6800 7624
330 11 423 9090 530 199 2577 4659 4713 7988 2192 4787 1861
331 8 5086 7108 9925 6374 7629 4714 1787 8225
332 11 8675 1407 9965 2605 8766 483 5088 6359 5564 6596 4515
333 11 6706 3029 248 6186 4940 1886 9561 7837 7564 6103 8150
334 10 6767 2748 8425 7867 8791 8955 8167 9186 6868 8218
335 10 6656 4984 502 3594 753 6896 1062 8644 4939 3854
336 8 6843 7020 7406 1986 203 7764 1292 816
337 10 8175 1637 8978 9769 109 5751 2578 5310 8075 3225
338 11 7040 9463 4815 8868 6446 102 4400 2556 7822 862 7918
339 11 8708 1773 6741 284 4938 6814 2984 8970 6121 5998 6864
340 11 5902 6485 6004 533 5756 9832 646 2667 9248 7727 3750
341 11 7965 1784 4635 7870 9018 8445 7387 9408 3735 1944 6696
342 9 3156 9888 1121 1233 7270 8263 1338 1541 2383
343 12 2278 1605 9627 4920 6764 9314 5766 4477 5160 2315 8109 793
344 10 8406 6558 1955 4107 3270 5263 2527 5550 8603 8743
345 9 2531 7320 4910 8816 2581 3133 6179 1264 5210
346 11 6900 9649 2118 1500 9254 3993 7134 1595 599 7680 4916
347 10 6189 1113 2973 6503 100 300 553 7715 6910 1946
348 10 672 817 3362 9872 2585 2797 2292 2648 4224 2601
349 10 7141 8711 9071 9209 9897 5260 8214 5610 2082 2375
350 10 3410 7329 2957 9640 5054 233 8506 8945 6681 7149
351 10 2432 9935 3396 7662 3082 9564 867 7501 8760 3463
352 9 7861 8020 409 9251 8652 1459 6393 8182 9240
353 11 1227 8024 2147 8823 266 8128 127 4356 4584 9624 8186
354 11 88 1838 7792 697 6749 1222 9138 120 7316 3085 1368
355 9 5406 9996 1218 2212 5279 2330 1330 3231 5041
356 11 4059 9698 4196 498 9345 2981 2602 7103 2065 7857 5692
357 9 9305 3608 6703 7534 691 4163 1248 6683 1771
358 10 741 5615 7347 5539 5690 3451 9424 3946 7894 6680
359 11 5304 6849 8346 8554 3375 9761 9948 9288 3691 15 3454
360 9 4894 7993 4661 9109 645 4966 5298 6850 8830
361 11 8783 4387 2511 3475 5783 1281 2385 6672 6426 7493 2417
362 11 541 5359 2690 4050 837 6244 7633 1480 7770 1466 2089
363 10 6695 9405 4467 6739 4764 5579 8058 4594 890 2513
364 9 961 1803 9702 3701 6580 7558 147 1045 3432
365 10 157 2536 3354 956 5668 9199 9505 4653 387 2479
366 11 5335 3249 5049 3544 7193 7364 156 397 1364 215 7763
367 10 1305 6780 965 1206 3057 1263 175 2948 6905 2841
368 10 222 6745 419 3615 3366 3482 6962 5451 6134 4121
369 8 606 1228 4154 6340 8071 8500 5635 2319
370 11 6783 1860 720 3602 9179 6216 9604 1475 4800 281 4014
371 10 9393 6110 9469 448 9256 2320 7576 4857 4892 8883
372 11 2429 3918 1353 3717 1863 986 3290 8998 4236 285 9368
373 10 2313 6139 9556 1994 1949 5830 629 6659 2612 3722
374 11 583 5856 7631 3445 6825 7276 1415 711 9911 7920 8661
375 11 2559 3236 4855 7116 7668 5642 5043 1211 2885 7614 3295
376 11 8698 7028 6123 326 267 4914 5082 1937 6582 3782 7594
377 8 9626 4873 3989 7236 5137 115 9228 6610
378 11 2020 7198 1804 1252 611 3949 5994 9612 7221 6808 9300
379 11 394 8489 7224 3739 2952 2304 2706 8780 1504 8125 235
380 9 3103 4583 1421 6352 146 5124 7555 4884 7122
381 10 6002 3294 7648 8285 2754 633 2291 7037 7726 8027
382 8 372 7325 1733 8228 2924 7197 1166 6140
383 11 55 3160 2784 6550 2409 617 9846 462 5064 7542 4263
384 10 6361 3409 1995 5712 7034 4990 6971 9822 2693 8904
385 10 4307 2233 1030 3833 7922 5050 4371 9019 6345 2228
386 10 4056 4693 1010 1628 6969 8642 9900 3624 6674 4821
387 8 3444 7948 4403 8324 2453 8510 5462 1810
388 10 9020 2738 3773 245 48 6222 5951 8018 1891 7305
389 11 4143 5808 3461 9815 5158 4862 5116 396 1643 4496 8366
390 11 8518 9985 5920 9557 5234 7135 4888 4105 8239 7407 6857
391 10 8310 3579 9267 5732 3879 1487 3669 7014 6379 3597
392 10 4601 1323 6206 7196 5352 8191 97 524 9881 8926
393 11 5716 8149 8203 9487 3036 7438 6132 8617 5356 8533 5188
394 9 3817 666 3191 4953 5409 9070 9478 4211 4426
395 11 273 1609 5890 6718 8093 2178 1349 3746 5526 2989 4981
396 11 8213 9402 519 5829 3842 7494 9981 1325 3731 6848 5317
397 10 2576 7435 6053 3105 1386 9164 4709 4398 4944 1067
398 12 5881 8736 6239 1908 172 4020 8273 2652 967 1820 8160 4086
399 12 6916 1170 6455 5120 7005 8236 7278 1864 4247 1069 4074 2021
